[debug] [2025-12-09T05:33:53.830Z] ----------------------------------------------------------------------
[debug] [2025-12-09T05:33:53.836Z] Command:       C:\Program Files\nodejs\node.exe C:\Users\hse07\AppData\Roaming\npm\node_modules\firebase-tools\lib\bin\firebase.js deploy --only functions:insertNovStats
[debug] [2025-12-09T05:33:53.836Z] CLI Version:   14.26.0
[debug] [2025-12-09T05:33:53.836Z] Platform:      win32
[debug] [2025-12-09T05:33:53.837Z] Node Version:  v22.19.0
[debug] [2025-12-09T05:33:53.837Z] Time:          Tue Dec 09 2025 14:33:53 GMT+0900 (대한민국 표준시)
[debug] [2025-12-09T05:33:53.837Z] ----------------------------------------------------------------------
[debug] 
[debug] [2025-12-09T05:33:54.150Z] > command requires scopes: ["email","openid","https://www.googleapis.com/auth/cloudplatformprojects.readonly","https://www.googleapis.com/auth/firebase","https://www.googleapis.com/auth/cloud-platform"]
[debug] [2025-12-09T05:33:54.151Z] > authorizing via signed-in user (james8366@gmail.com)
[debug] [2025-12-09T05:33:54.151Z] [iam] checking project dbtest-1c893 for permissions ["cloudfunctions.functions.create","cloudfunctions.functions.delete","cloudfunctions.functions.get","cloudfunctions.functions.list","cloudfunctions.functions.update","cloudfunctions.operations.get","firebase.projects.get"]
[debug] [2025-12-09T05:33:54.153Z] Checked if tokens are valid: true, expires at: 1765261771768
[debug] [2025-12-09T05:33:54.153Z] Checked if tokens are valid: true, expires at: 1765261771768
[debug] [2025-12-09T05:33:54.154Z] >>> [apiv2][query] POST https://cloudresourcemanager.googleapis.com/v1/projects/dbtest-1c893:testIamPermissions [none]
[debug] [2025-12-09T05:33:54.154Z] >>> [apiv2][(partial)header] POST https://cloudresourcemanager.googleapis.com/v1/projects/dbtest-1c893:testIamPermissions x-goog-quota-user=projects/dbtest-1c893
[debug] [2025-12-09T05:33:54.154Z] >>> [apiv2][body] POST https://cloudresourcemanager.googleapis.com/v1/projects/dbtest-1c893:testIamPermissions {"permissions":["cloudfunctions.functions.create","cloudfunctions.functions.delete","cloudfunctions.functions.get","cloudfunctions.functions.list","cloudfunctions.functions.update","cloudfunctions.operations.get","firebase.projects.get"]}
[debug] [2025-12-09T05:33:54.478Z] <<< [apiv2][status] POST https://cloudresourcemanager.googleapis.com/v1/projects/dbtest-1c893:testIamPermissions 200
[debug] [2025-12-09T05:33:54.478Z] <<< [apiv2][body] POST https://cloudresourcemanager.googleapis.com/v1/projects/dbtest-1c893:testIamPermissions {"permissions":["cloudfunctions.functions.create","cloudfunctions.functions.delete","cloudfunctions.functions.get","cloudfunctions.functions.list","cloudfunctions.functions.update","cloudfunctions.operations.get","firebase.projects.get"]}
[debug] [2025-12-09T05:33:54.479Z] Checked if tokens are valid: true, expires at: 1765261771768
[debug] [2025-12-09T05:33:54.479Z] Checked if tokens are valid: true, expires at: 1765261771768
[debug] [2025-12-09T05:33:54.479Z] >>> [apiv2][query] POST https://iam.googleapis.com/v1/projects/dbtest-1c893/serviceAccounts/dbtest-1c893@appspot.gserviceaccount.com:testIamPermissions [none]
[debug] [2025-12-09T05:33:54.479Z] >>> [apiv2][body] POST https://iam.googleapis.com/v1/projects/dbtest-1c893/serviceAccounts/dbtest-1c893@appspot.gserviceaccount.com:testIamPermissions {"permissions":["iam.serviceAccounts.actAs"]}
[debug] [2025-12-09T05:33:55.840Z] <<< [apiv2][status] POST https://iam.googleapis.com/v1/projects/dbtest-1c893/serviceAccounts/dbtest-1c893@appspot.gserviceaccount.com:testIamPermissions 404
[debug] [2025-12-09T05:33:55.840Z] <<< [apiv2][body] POST https://iam.googleapis.com/v1/projects/dbtest-1c893/serviceAccounts/dbtest-1c893@appspot.gserviceaccount.com:testIamPermissions {"error":{"code":404,"message":"Unknown service account","status":"NOT_FOUND"}}
[debug] [2025-12-09T05:33:55.840Z] [functions] service account IAM check errored, deploy may fail: Request to https://iam.googleapis.com/v1/projects/dbtest-1c893/serviceAccounts/dbtest-1c893@appspot.gserviceaccount.com:testIamPermissions had HTTP Error: 404, Unknown service account {"name":"FirebaseError","children":[],"context":{"body":{"error":{"code":404,"message":"Unknown service account","status":"NOT_FOUND"}},"response":{"statusCode":404}},"exit":1,"message":"Request to https://iam.googleapis.com/v1/projects/dbtest-1c893/serviceAccounts/dbtest-1c893@appspot.gserviceaccount.com:testIamPermissions had HTTP Error: 404, Unknown service account","status":404}
[info] 
[info] === Deploying to 'dbtest-1c893'...
[info] 
[info] i  deploying functions 
[debug] [2025-12-09T05:33:55.846Z] Checked if tokens are valid: true, expires at: 1765261771768
[debug] [2025-12-09T05:33:55.847Z] Checked if tokens are valid: true, expires at: 1765261771768
[debug] [2025-12-09T05:33:55.847Z] >>> [apiv2][query] GET https://cloudresourcemanager.googleapis.com/v1/projects/dbtest-1c893 [none]
[debug] [2025-12-09T05:33:56.054Z] <<< [apiv2][status] GET https://cloudresourcemanager.googleapis.com/v1/projects/dbtest-1c893 200
[debug] [2025-12-09T05:33:56.054Z] <<< [apiv2][body] GET https://cloudresourcemanager.googleapis.com/v1/projects/dbtest-1c893 {"projectNumber":"558657031819","projectId":"dbtest-1c893","lifecycleState":"ACTIVE","name":"smartseat","labels":{"firebase":"enabled","firebase-core":"disabled"},"createTime":"2025-09-30T15:20:05.966941Z"}
[info] i  functions: preparing codebase default for deployment 
[info] i  functions: ensuring required API cloudfunctions.googleapis.com is enabled... 
[info] i  functions: ensuring required API cloudbuild.googleapis.com is enabled... 
[info] i  artifactregistry: ensuring required API artifactregistry.googleapis.com is enabled... 
[debug] [2025-12-09T05:33:56.059Z] Checked if tokens are valid: true, expires at: 1765261771768
[debug] [2025-12-09T05:33:56.059Z] Checked if tokens are valid: true, expires at: 1765261771768
[debug] [2025-12-09T05:33:56.059Z] >>> [apiv2][query] GET https://firebase.googleapis.com/v1beta1/projects/dbtest-1c893/adminSdkConfig [none]
[debug] [2025-12-09T05:33:56.483Z] <<< [apiv2][status] GET https://firebase.googleapis.com/v1beta1/projects/dbtest-1c893/adminSdkConfig 200
[debug] [2025-12-09T05:33:56.483Z] <<< [apiv2][body] GET https://firebase.googleapis.com/v1beta1/projects/dbtest-1c893/adminSdkConfig {"projectId":"dbtest-1c893","databaseURL":"https://dbtest-1c893-default-rtdb.asia-southeast1.firebasedatabase.app","storageBucket":"dbtest-1c893.firebasestorage.app"}
[debug] [2025-12-09T05:33:56.484Z] Checked if tokens are valid: true, expires at: 1765261771768
[debug] [2025-12-09T05:33:56.484Z] Checked if tokens are valid: true, expires at: 1765261771768
[debug] [2025-12-09T05:33:56.484Z] >>> [apiv2][query] GET https://runtimeconfig.googleapis.com/v1beta1/projects/dbtest-1c893/configs [none]
[debug] [2025-12-09T05:33:57.008Z] <<< [apiv2][status] GET https://runtimeconfig.googleapis.com/v1beta1/projects/dbtest-1c893/configs 200
[debug] [2025-12-09T05:33:57.008Z] <<< [apiv2][body] GET https://runtimeconfig.googleapis.com/v1beta1/projects/dbtest-1c893/configs {}
[debug] [2025-12-09T05:33:57.011Z] Validating nodejs source
[warn] !  functions: package.json indicates an outdated version of firebase-functions. Please upgrade using npm install --save firebase-functions@latest in your functions directory. 
[warn] !  functions: Please note that there will be breaking changes when you upgrade. 
[debug] [2025-12-09T05:33:58.435Z] > [functions] package.json contents: {
  "name": "functions",
  "scripts": {
    "lint": "eslint --ext .js,.ts .",
    "build": "tsc",
    "build:watch": "tsc --watch",
    "serve": "npm run build && firebase emulators:start --only functions",
    "shell": "npm run build && firebase functions:shell",
    "start": "npm run shell",
    "deploy": "firebase deploy --only functions",
    "logs": "firebase functions:log"
  },
  "engines": {
    "node": "20"
  },
  "main": "lib/index.js",
  "dependencies": {
    "firebase-admin": "^13.0.1",
    "firebase-functions": "^6.1.0"
  },
  "devDependencies": {
    "@typescript-eslint/eslint-plugin": "^5.12.0",
    "@typescript-eslint/parser": "^5.12.0",
    "eslint": "^8.9.0",
    "eslint-config-google": "^0.14.0",
    "eslint-plugin-import": "^2.25.4",
    "firebase-functions-test": "^3.1.0",
    "typescript": "^5.7.3"
  },
  "private": true
}
[debug] [2025-12-09T05:33:58.435Z] Building nodejs source
[info] i  functions: Loading and analyzing source code for codebase default to determine what to deploy 
[debug] [2025-12-09T05:33:58.436Z] Could not find functions.yaml. Must use http discovery
[debug] [2025-12-09T05:33:58.450Z] Found firebase-functions binary at 'C:\Users\hse07\App\smartseat\functions\node_modules\.bin\firebase-functions'
[info] Serving at port 8478

[debug] [2025-12-09T05:34:00.241Z] Got response from /__/functions.yaml {"endpoints":{"reserveEnd":{"availableMemoryMb":null,"timeoutSeconds":null,"minInstances":null,"maxInstances":null,"ingressSettings":null,"concurrency":null,"serviceAccountEmail":null,"vpc":null,"platform":"gcfv2","region":["asia-northeast3"],"labels":{},"scheduleTrigger":{"schedule":"every 1 minutes","retryConfig":{},"timeZone":"Asia/Seoul"},"entryPoint":"reserveEnd"},"seatStatusChange":{"availableMemoryMb":null,"timeoutSeconds":null,"minInstances":null,"maxInstances":null,"ingressSettings":null,"concurrency":null,"serviceAccountEmail":null,"vpc":null,"platform":"gcfv2","region":["asia-northeast3"],"labels":{},"eventTrigger":{"eventType":"google.cloud.firestore.document.v1.updated","eventFilters":{"database":"(default)","namespace":"(default)"},"eventFilterPathPatterns":{"document":"seats/{seatId}"},"retry":false},"entryPoint":"seatStatusChange"},"insertNovStats":{"availableMemoryMb":null,"timeoutSeconds":null,"minInstances":null,"maxInstances":null,"ingressSettings":null,"concurrency":null,"serviceAccountEmail":null,"vpc":null,"platform":"gcfv2","labels":{},"httpsTrigger":{},"entryPoint":"insertNovStats"},"syncStatsDaily":{"availableMemoryMb":null,"timeoutSeconds":null,"minInstances":null,"maxInstances":null,"ingressSettings":null,"concurrency":null,"serviceAccountEmail":null,"vpc":null,"platform":"gcfv2","region":["asia-northeast3"],"labels":{},"eventTrigger":{"eventType":"google.cloud.firestore.document.v1.updated","eventFilters":{"database":"(default)","namespace":"(default)"},"eventFilterPathPatterns":{"document":"users/{uid}"},"retry":false},"entryPoint":"syncStatsDaily"},"dailyReset":{"availableMemoryMb":null,"timeoutSeconds":null,"minInstances":null,"maxInstances":null,"ingressSettings":null,"concurrency":null,"serviceAccountEmail":null,"vpc":null,"platform":"gcfv2","region":["asia-northeast3"],"labels":{},"scheduleTrigger":{"schedule":"0 0 * * *","retryConfig":{},"timeZone":"Asia/Seoul"},"entryPoint":"dailyReset"}},"specVersion":"v1alpha1","requiredAPIs":[{"api":"cloudscheduler.googleapis.com","reason":"Needed for scheduled functions."}],"extensions":{}}
[info] i  extensions: ensuring required API firebaseextensions.googleapis.com is enabled... 
[debug] [2025-12-09T05:34:04.326Z] > command requires scopes: ["email","openid","https://www.googleapis.com/auth/cloudplatformprojects.readonly","https://www.googleapis.com/auth/firebase","https://www.googleapis.com/auth/cloud-platform"]
[debug] [2025-12-09T05:34:04.326Z] > authorizing via signed-in user (james8366@gmail.com)
[debug] [2025-12-09T05:34:04.326Z] [iam] checking project dbtest-1c893 for permissions ["firebase.projects.get","firebaseextensions.instances.list"]
[debug] [2025-12-09T05:34:04.327Z] Checked if tokens are valid: true, expires at: 1765261771768
[debug] [2025-12-09T05:34:04.327Z] Checked if tokens are valid: true, expires at: 1765261771768
[debug] [2025-12-09T05:34:04.327Z] >>> [apiv2][query] POST https://cloudresourcemanager.googleapis.com/v1/projects/dbtest-1c893:testIamPermissions [none]
[debug] [2025-12-09T05:34:04.327Z] >>> [apiv2][(partial)header] POST https://cloudresourcemanager.googleapis.com/v1/projects/dbtest-1c893:testIamPermissions x-goog-quota-user=projects/dbtest-1c893
[debug] [2025-12-09T05:34:04.327Z] >>> [apiv2][body] POST https://cloudresourcemanager.googleapis.com/v1/projects/dbtest-1c893:testIamPermissions {"permissions":["firebase.projects.get","firebaseextensions.instances.list"]}
[debug] [2025-12-09T05:34:04.540Z] <<< [apiv2][status] POST https://cloudresourcemanager.googleapis.com/v1/projects/dbtest-1c893:testIamPermissions 200
[debug] [2025-12-09T05:34:04.541Z] <<< [apiv2][body] POST https://cloudresourcemanager.googleapis.com/v1/projects/dbtest-1c893:testIamPermissions {"permissions":["firebase.projects.get","firebaseextensions.instances.list"]}
[debug] [2025-12-09T05:34:04.542Z] Checked if tokens are valid: true, expires at: 1765261771768
[debug] [2025-12-09T05:34:04.542Z] Checked if tokens are valid: true, expires at: 1765261771768
[debug] [2025-12-09T05:34:04.543Z] >>> [apiv2][query] GET https://firebaseextensions.googleapis.com/v1beta/projects/dbtest-1c893/instances pageSize=100&pageToken=
[debug] [2025-12-09T05:34:05.833Z] <<< [apiv2][status] GET https://firebaseextensions.googleapis.com/v1beta/projects/dbtest-1c893/instances 200
[debug] [2025-12-09T05:34:05.833Z] <<< [apiv2][body] GET https://firebaseextensions.googleapis.com/v1beta/projects/dbtest-1c893/instances {}
[info] i  functions: preparing functions directory for uploading... 
[info] i  functions: packaged C:\Users\hse07\App\smartseat\functions (135.29 KB) for uploading 
[debug] [2025-12-09T05:34:05.977Z] Checked if tokens are valid: true, expires at: 1765261771768
[debug] [2025-12-09T05:34:05.978Z] Checked if tokens are valid: true, expires at: 1765261771768
[debug] [2025-12-09T05:34:05.978Z] >>> [apiv2][query] GET https://cloudfunctions.googleapis.com/v1/projects/dbtest-1c893/locations/-/functions [none]
[debug] [2025-12-09T05:34:07.074Z] <<< [apiv2][status] GET https://cloudfunctions.googleapis.com/v1/projects/dbtest-1c893/locations/-/functions 200
[debug] [2025-12-09T05:34:07.074Z] <<< [apiv2][body] GET https://cloudfunctions.googleapis.com/v1/projects/dbtest-1c893/locations/-/functions {}
[debug] [2025-12-09T05:34:07.075Z] Checked if tokens are valid: true, expires at: 1765261771768
[debug] [2025-12-09T05:34:07.075Z] Checked if tokens are valid: true, expires at: 1765261771768
[debug] [2025-12-09T05:34:07.075Z] >>> [apiv2][query] GET https://cloudfunctions.googleapis.com/v2/projects/dbtest-1c893/locations/-/functions filter=environment%3D%22GEN_2%22
[debug] [2025-12-09T05:34:08.606Z] <<< [apiv2][status] GET https://cloudfunctions.googleapis.com/v2/projects/dbtest-1c893/locations/-/functions 200
[debug] [2025-12-09T05:34:08.606Z] <<< [apiv2][body] GET https://cloudfunctions.googleapis.com/v2/projects/dbtest-1c893/locations/-/functions {"functions":[{"name":"projects/dbtest-1c893/locations/asia-northeast3/functions/saveStudylog","buildConfig":{"build":"projects/558657031819/locations/asia-northeast3/builds/903e7d03-d3ee-4368-b63e-17bcd6f8fe4b","runtime":"nodejs20","entryPoint":"saveStudylog","source":{"storageSource":{"bucket":"gcf-v2-sources-558657031819-asia-northeast3","object":"saveStudylog/function-source.zip","generation":"1764830654992543"}},"environmentVariables":{"GOOGLE_NODE_RUN_SCRIPTS":""},"dockerRepository":"projects/dbtest-1c893/locations/asia-northeast3/repositories/gcf-artifacts","sourceProvenance":{"resolvedStorageSource":{"bucket":"gcf-v2-sources-558657031819-asia-northeast3","object":"saveStudylog/function-source.zip","generation":"1764830654992543"}},"dockerRegistry":"ARTIFACT_REGISTRY","serviceAccount":"projects/dbtest-1c893/serviceAccounts/558657031819-compute@developer.gserviceaccount.com","automaticUpdatePolicy":{}},"serviceConfig":{"service":"projects/dbtest-1c893/locations/asia-northeast3/services/savestudylog","timeoutSeconds":60,"environmentVariables":{"FIREBASE_CONFIG":"{\"projectId\":\"dbtest-1c893\",\"databaseURL\":\"https://dbtest-1c893-default-rtdb.asia-southeast1.firebasedatabase.app\",\"storageBucket\":\"dbtest-1c893.firebasestorage.app\"}","GCLOUD_PROJECT":"dbtest-1c893","EVENTARC_CLOUD_EVENT_SOURCE":"projects/dbtest-1c893/locations/asia-northeast3/services/saveStudylog","FUNCTION_SIGNATURE_TYPE":"cloudevent","FUNCTION_TARGET":"saveStudylog","LOG_EXECUTION_ID":"true"},"maxInstanceCount":3,"ingressSettings":"ALLOW_ALL","uri":"https://savestudylog-7xthiczvfa-du.a.run.app","serviceAccountEmail":"558657031819-compute@developer.gserviceaccount.com","availableMemory":"256Mi","allTrafficOnLatestRevision":true,"revision":"savestudylog-00004-los","maxInstanceRequestConcurrency":80,"availableCpu":"1"},"eventTrigger":{"trigger":"projects/dbtest-1c893/locations/asia-northeast3/triggers/savestudylog-182679","triggerRegion":"asia-northeast3","eventType":"google.cloud.firestore.document.v1.updated","eventFilters":[{"attribute":"database","value":"(default)"},{"attribute":"namespace","value":"(default)"},{"attribute":"document","value":"seats/{seatId}","operator":"match-path-pattern"}],"pubsubTopic":"projects/dbtest-1c893/topics/eventarc-asia-northeast3-savestudylog-182679-482","serviceAccountEmail":"558657031819-compute@developer.gserviceaccount.com","retryPolicy":"RETRY_POLICY_DO_NOT_RETRY"},"state":"ACTIVE","updateTime":"2025-12-04T06:44:54.382075075Z","labels":{"deployment-tool":"cli-firebase","firebase-functions-hash":"cb8f68a07f0b180f1b3e9b9a5a9dcae5e19f0c44"},"environment":"GEN_2","url":"https://asia-northeast3-dbtest-1c893.cloudfunctions.net/saveStudylog","satisfiesPzs":true,"createTime":"2025-12-04T04:50:01.533539438Z","satisfiesPzi":true},{"name":"projects/dbtest-1c893/locations/asia-northeast3/functions/seatStatusChange","buildConfig":{"build":"projects/558657031819/locations/asia-northeast3/builds/62f680b0-5228-4ae0-8946-7c5977b6689f","runtime":"nodejs20","entryPoint":"seatStatusChange","source":{"storageSource":{"bucket":"gcf-v2-sources-558657031819-asia-northeast3","object":"seatStatusChange/function-source.zip","generation":"1765220511503546"}},"environmentVariables":{"GOOGLE_NODE_RUN_SCRIPTS":""},"dockerRepository":"projects/dbtest-1c893/locations/asia-northeast3/repositories/gcf-artifacts","sourceProvenance":{"resolvedStorageSource":{"bucket":"gcf-v2-sources-558657031819-asia-northeast3","object":"seatStatusChange/function-source.zip","generation":"1765220511503546"}},"dockerRegistry":"ARTIFACT_REGISTRY","serviceAccount":"projects/dbtest-1c893/serviceAccounts/558657031819-compute@developer.gserviceaccount.com","automaticUpdatePolicy":{}},"serviceConfig":{"service":"projects/dbtest-1c893/locations/asia-northeast3/services/seatstatuschange","timeoutSeconds":60,"environmentVariables":{"FIREBASE_CONFIG":"{\"projectId\":\"dbtest-1c893\",\"databaseURL\":\"https://dbtest-1c893-default-rtdb.asia-southeast1.firebasedatabase.app\",\"storageBucket\":\"dbtest-1c893.firebasestorage.app\"}","GCLOUD_PROJECT":"dbtest-1c893","EVENTARC_CLOUD_EVENT_SOURCE":"projects/dbtest-1c893/locations/asia-northeast3/services/seatStatusChange","FUNCTION_SIGNATURE_TYPE":"cloudevent","FUNCTION_TARGET":"seatStatusChange","LOG_EXECUTION_ID":"true"},"maxInstanceCount":3,"ingressSettings":"ALLOW_ALL","uri":"https://seatstatuschange-7xthiczvfa-du.a.run.app","serviceAccountEmail":"558657031819-compute@developer.gserviceaccount.com","availableMemory":"256Mi","allTrafficOnLatestRevision":true,"revision":"seatstatuschange-00017-vep","maxInstanceRequestConcurrency":80,"availableCpu":"1"},"eventTrigger":{"trigger":"projects/dbtest-1c893/locations/asia-northeast3/triggers/seatstatuschange-280160","triggerRegion":"asia-northeast3","eventType":"google.cloud.firestore.document.v1.updated","eventFilters":[{"attribute":"namespace","value":"(default)"},{"attribute":"document","value":"seats/{seatId}","operator":"match-path-pattern"},{"attribute":"database","value":"(default)"}],"pubsubTopic":"projects/dbtest-1c893/topics/eventarc-asia-northeast3-seatstatuschange-280160-316","serviceAccountEmail":"558657031819-compute@developer.gserviceaccount.com","retryPolicy":"RETRY_POLICY_DO_NOT_RETRY"},"state":"ACTIVE","updateTime":"2025-12-08T19:02:51.044371930Z","labels":{"deployment-tool":"cli-firebase","firebase-functions-hash":"5ca25935f62ce6706baf79c40fb73a665b7318a7"},"environment":"GEN_2","url":"https://asia-northeast3-dbtest-1c893.cloudfunctions.net/seatStatusChange","satisfiesPzs":true,"createTime":"2025-12-06T07:43:47.591340329Z","satisfiesPzi":true},{"name":"projects/dbtest-1c893/locations/asia-northeast3/functions/dailyReset","buildConfig":{"build":"projects/558657031819/locations/asia-northeast3/builds/37aac5cd-a012-4d7f-9a05-605bb0984186","runtime":"nodejs20","entryPoint":"dailyReset","source":{"storageSource":{"bucket":"gcf-v2-sources-558657031819-asia-northeast3","object":"dailyReset/function-source.zip","generation":"1764823802298595"}},"environmentVariables":{"GOOGLE_NODE_RUN_SCRIPTS":""},"dockerRepository":"projects/dbtest-1c893/locations/asia-northeast3/repositories/gcf-artifacts","sourceProvenance":{"resolvedStorageSource":{"bucket":"gcf-v2-sources-558657031819-asia-northeast3","object":"dailyReset/function-source.zip","generation":"1764823802298595"}},"dockerRegistry":"ARTIFACT_REGISTRY","serviceAccount":"projects/dbtest-1c893/serviceAccounts/558657031819-compute@developer.gserviceaccount.com","automaticUpdatePolicy":{}},"serviceConfig":{"service":"projects/dbtest-1c893/locations/asia-northeast3/services/dailyreset","timeoutSeconds":60,"environmentVariables":{"FIREBASE_CONFIG":"{\"projectId\":\"dbtest-1c893\",\"databaseURL\":\"https://dbtest-1c893-default-rtdb.asia-southeast1.firebasedatabase.app\",\"storageBucket\":\"dbtest-1c893.firebasestorage.app\"}","GCLOUD_PROJECT":"dbtest-1c893","EVENTARC_CLOUD_EVENT_SOURCE":"projects/dbtest-1c893/locations/asia-northeast3/services/dailyReset","FUNCTION_TARGET":"dailyReset","LOG_EXECUTION_ID":"true","FUNCTION_SIGNATURE_TYPE":"http"},"maxInstanceCount":3,"ingressSettings":"ALLOW_ALL","uri":"https://dailyreset-7xthiczvfa-du.a.run.app","serviceAccountEmail":"558657031819-compute@developer.gserviceaccount.com","availableMemory":"256Mi","allTrafficOnLatestRevision":true,"revision":"dailyreset-00004-boy","maxInstanceRequestConcurrency":80,"availableCpu":"1"},"state":"ACTIVE","updateTime":"2025-12-04T04:50:09.608436498Z","labels":{"deployment-scheduled":"true","firebase-functions-hash":"07c9f0389f690a1f60726c92482458fea087984c","deployment-tool":"cli-firebase"},"environment":"GEN_2","url":"https://asia-northeast3-dbtest-1c893.cloudfunctions.net/dailyReset","satisfiesPzs":true,"createTime":"2025-11-30T16:30:09.535373362Z","satisfiesPzi":true},{"name":"projects/dbtest-1c893/locations/asia-northeast3/functions/syncStatsDaily","buildConfig":{"build":"projects/558657031819/locations/asia-northeast3/builds/0fcc7b40-54ac-444e-8900-e77933ffed17","runtime":"nodejs20","entryPoint":"syncStatsDaily","source":{"storageSource":{"bucket":"gcf-v2-sources-558657031819-asia-northeast3","object":"syncStatsDaily/function-source.zip","generation":"1764953708612396"}},"environmentVariables":{"GOOGLE_NODE_RUN_SCRIPTS":""},"dockerRepository":"projects/dbtest-1c893/locations/asia-northeast3/repositories/gcf-artifacts","sourceProvenance":{"resolvedStorageSource":{"bucket":"gcf-v2-sources-558657031819-asia-northeast3","object":"syncStatsDaily/function-source.zip","generation":"1764953708612396"}},"dockerRegistry":"ARTIFACT_REGISTRY","serviceAccount":"projects/dbtest-1c893/serviceAccounts/558657031819-compute@developer.gserviceaccount.com","automaticUpdatePolicy":{}},"serviceConfig":{"service":"projects/dbtest-1c893/locations/asia-northeast3/services/syncstatsdaily","timeoutSeconds":60,"environmentVariables":{"FIREBASE_CONFIG":"{\"projectId\":\"dbtest-1c893\",\"databaseURL\":\"https://dbtest-1c893-default-rtdb.asia-southeast1.firebasedatabase.app\",\"storageBucket\":\"dbtest-1c893.firebasestorage.app\"}","GCLOUD_PROJECT":"dbtest-1c893","EVENTARC_CLOUD_EVENT_SOURCE":"projects/dbtest-1c893/locations/asia-northeast3/services/syncStatsDaily","FUNCTION_SIGNATURE_TYPE":"cloudevent","FUNCTION_TARGET":"syncStatsDaily","LOG_EXECUTION_ID":"true"},"maxInstanceCount":3,"ingressSettings":"ALLOW_ALL","uri":"https://syncstatsdaily-7xthiczvfa-du.a.run.app","serviceAccountEmail":"558657031819-compute@developer.gserviceaccount.com","availableMemory":"256Mi","allTrafficOnLatestRevision":true,"revision":"syncstatsdaily-00001-cog","maxInstanceRequestConcurrency":80,"availableCpu":"1"},"eventTrigger":{"trigger":"projects/dbtest-1c893/locations/asia-northeast3/triggers/syncstatsdaily-804414","triggerRegion":"asia-northeast3","eventType":"google.cloud.firestore.document.v1.updated","eventFilters":[{"attribute":"document","value":"users/{uid}","operator":"match-path-pattern"},{"attribute":"database","value":"(default)"},{"attribute":"namespace","value":"(default)"}],"pubsubTopic":"projects/dbtest-1c893/topics/eventarc-asia-northeast3-syncstatsdaily-804414-900","serviceAccountEmail":"558657031819-compute@developer.gserviceaccount.com","retryPolicy":"RETRY_POLICY_DO_NOT_RETRY"},"state":"ACTIVE","updateTime":"2025-12-05T16:56:26.688552318Z","labels":{"deployment-tool":"cli-firebase","firebase-functions-hash":"9cc896b1889c8f8ecb9b87befe14584ea71769c8"},"environment":"GEN_2","url":"https://asia-northeast3-dbtest-1c893.cloudfunctions.net/syncStatsDaily","satisfiesPzs":true,"createTime":"2025-12-05T16:55:09.047167003Z","satisfiesPzi":true},{"name":"projects/dbtest-1c893/locations/asia-southeast1/functions/syncSensorToSeat","buildConfig":{"build":"projects/558657031819/locations/asia-southeast1/builds/3db81782-51d2-4a3f-8cb6-c099a964e733","runtime":"nodejs20","entryPoint":"syncSensorToSeat","source":{"storageSource":{"bucket":"gcf-v2-sources-558657031819-asia-southeast1","object":"syncSensorToSeat/function-source.zip","generation":"1764833564455309"}},"environmentVariables":{"GOOGLE_NODE_RUN_SCRIPTS":""},"dockerRepository":"projects/dbtest-1c893/locations/asia-southeast1/repositories/gcf-artifacts","sourceProvenance":{"resolvedStorageSource":{"bucket":"gcf-v2-sources-558657031819-asia-southeast1","object":"syncSensorToSeat/function-source.zip","generation":"1764833564455309"}},"dockerRegistry":"ARTIFACT_REGISTRY","serviceAccount":"projects/dbtest-1c893/serviceAccounts/558657031819-compute@developer.gserviceaccount.com","automaticUpdatePolicy":{}},"serviceConfig":{"service":"projects/dbtest-1c893/locations/asia-southeast1/services/syncsensortoseat","timeoutSeconds":60,"environmentVariables":{"FIREBASE_CONFIG":"{\"projectId\":\"dbtest-1c893\",\"databaseURL\":\"https://dbtest-1c893-default-rtdb.asia-southeast1.firebasedatabase.app\",\"storageBucket\":\"dbtest-1c893.firebasestorage.app\"}","GCLOUD_PROJECT":"dbtest-1c893","EVENTARC_CLOUD_EVENT_SOURCE":"projects/dbtest-1c893/locations/asia-southeast1/services/syncSensorToSeat","FUNCTION_SIGNATURE_TYPE":"cloudevent","FUNCTION_TARGET":"syncSensorToSeat","LOG_EXECUTION_ID":"true"},"maxInstanceCount":3,"ingressSettings":"ALLOW_ALL","uri":"https://syncsensortoseat-7xthiczvfa-as.a.run.app","serviceAccountEmail":"558657031819-compute@developer.gserviceaccount.com","availableMemory":"256Mi","allTrafficOnLatestRevision":true,"revision":"syncsensortoseat-00003-yap","maxInstanceRequestConcurrency":80,"availableCpu":"1"},"eventTrigger":{"trigger":"projects/dbtest-1c893/locations/asia-southeast1/triggers/syncsensortoseat-451082","triggerRegion":"asia-southeast1","eventType":"google.firebase.database.ref.v1.written","eventFilters":[{"attribute":"instance","value":"*","operator":"match-path-pattern"},{"attribute":"ref","value":"sensors/{seatId}/status","operator":"match-path-pattern"}],"pubsubTopic":"projects/dbtest-1c893/topics/eventarc-asia-southeast1-syncsensortoseat-451082-508","serviceAccountEmail":"558657031819-compute@developer.gserviceaccount.com","retryPolicy":"RETRY_POLICY_DO_NOT_RETRY"},"state":"ACTIVE","updateTime":"2025-12-04T07:33:32.662186205Z","labels":{"firebase-functions-hash":"704965d1bf9118b4bb4677bd4b8b5e0146181826","deployment-tool":"cli-firebase"},"environment":"GEN_2","url":"https://asia-southeast1-dbtest-1c893.cloudfunctions.net/syncSensorToSeat","satisfiesPzs":true,"createTime":"2025-12-04T07:23:50.729246267Z","satisfiesPzi":true},{"name":"projects/dbtest-1c893/locations/us-central1/functions/insertNovStats","buildConfig":{"build":"projects/558657031819/locations/us-central1/builds/e5719111-491b-4867-a7ad-9f98a5ba0cd0","runtime":"nodejs20","entryPoint":"insertNovStats","source":{"storageSource":{"bucket":"gcf-v2-sources-558657031819-us-central1","object":"insertNovStats/function-source.zip","generation":"1765251186190465"}},"environmentVariables":{"GOOGLE_NODE_RUN_SCRIPTS":""},"dockerRepository":"projects/dbtest-1c893/locations/us-central1/repositories/gcf-artifacts","sourceProvenance":{"resolvedStorageSource":{"bucket":"gcf-v2-sources-558657031819-us-central1","object":"insertNovStats/function-source.zip","generation":"1765251186190465"}},"dockerRegistry":"ARTIFACT_REGISTRY","serviceAccount":"projects/dbtest-1c893/serviceAccounts/558657031819-compute@developer.gserviceaccount.com","automaticUpdatePolicy":{}},"serviceConfig":{"service":"projects/dbtest-1c893/locations/us-central1/services/insertnovstats","timeoutSeconds":60,"environmentVariables":{"FIREBASE_CONFIG":"{\"projectId\":\"dbtest-1c893\",\"databaseURL\":\"https://dbtest-1c893-default-rtdb.asia-southeast1.firebasedatabase.app\",\"storageBucket\":\"dbtest-1c893.firebasestorage.app\"}","GCLOUD_PROJECT":"dbtest-1c893","EVENTARC_CLOUD_EVENT_SOURCE":"projects/dbtest-1c893/locations/us-central1/services/insertNovStats","FUNCTION_TARGET":"insertNovStats","LOG_EXECUTION_ID":"true"},"maxInstanceCount":3,"ingressSettings":"ALLOW_ALL","uri":"https://insertnovstats-7xthiczvfa-uc.a.run.app","serviceAccountEmail":"558657031819-compute@developer.gserviceaccount.com","availableMemory":"256Mi","allTrafficOnLatestRevision":true,"revision":"insertnovstats-00002-viq","maxInstanceRequestConcurrency":80,"availableCpu":"1"},"state":"ACTIVE","updateTime":"2025-12-09T03:34:04.701764868Z","labels":{"firebase-functions-hash":"ea5b26932bed5c114cef1808af8b61fcc9604f9b","deployment-tool":"cli-firebase"},"environment":"GEN_2","url":"https://us-central1-dbtest-1c893.cloudfunctions.net/insertNovStats","createTime":"2025-12-09T03:30:29.744757885Z","satisfiesPzi":true}]}
[debug] [2025-12-09T05:34:08.608Z] Checked if tokens are valid: true, expires at: 1765261771768
[debug] [2025-12-09T05:34:08.608Z] Checked if tokens are valid: true, expires at: 1765261771768
[debug] [2025-12-09T05:34:08.609Z] >>> [apiv2][query] GET https://firestore.googleapis.com/v1/projects/dbtest-1c893/databases/(default) [none]
[debug] [2025-12-09T05:34:08.735Z] <<< [apiv2][status] GET https://firestore.googleapis.com/v1/projects/dbtest-1c893/databases/(default) 200
[debug] [2025-12-09T05:34:08.735Z] <<< [apiv2][body] GET https://firestore.googleapis.com/v1/projects/dbtest-1c893/databases/(default) {"name":"projects/dbtest-1c893/databases/(default)","uid":"f4a57206-7b18-4205-bde5-56ae2b02378d","createTime":"2025-09-30T15:23:15.130398Z","updateTime":"2025-09-30T15:23:15.130398Z","locationId":"asia-northeast3","type":"FIRESTORE_NATIVE","concurrencyMode":"PESSIMISTIC","versionRetentionPeriod":"3600s","earliestVersionTime":"2025-12-09T04:34:09.396942Z","appEngineIntegrationMode":"DISABLED","keyPrefix":"v","pointInTimeRecoveryEnablement":"POINT_IN_TIME_RECOVERY_DISABLED","deleteProtectionState":"DELETE_PROTECTION_DISABLED","databaseEdition":"STANDARD","freeTier":true,"realtimeUpdatesMode":"REALTIME_UPDATES_MODE_ENABLED","etag":"IPLEwJbkr5EDMMaunY/z15AD"}
[info] i  functions: ensuring required API cloudscheduler.googleapis.com is enabled... 
[info] i  functions: ensuring required API run.googleapis.com is enabled... 
[info] i  functions: ensuring required API eventarc.googleapis.com is enabled... 
[info] i  functions: ensuring required API pubsub.googleapis.com is enabled... 
[info] i  functions: ensuring required API storage.googleapis.com is enabled... 
[info] i  functions: generating the service identity for pubsub.googleapis.com... 
[debug] [2025-12-09T05:34:08.740Z] Checked if tokens are valid: true, expires at: 1765261771768
[debug] [2025-12-09T05:34:08.740Z] Checked if tokens are valid: true, expires at: 1765261771768
[info] i  functions: generating the service identity for eventarc.googleapis.com... 
[debug] [2025-12-09T05:34:08.740Z] Checked if tokens are valid: true, expires at: 1765261771768
[debug] [2025-12-09T05:34:08.740Z] Checked if tokens are valid: true, expires at: 1765261771768
[debug] [2025-12-09T05:34:08.741Z] >>> [apiv2][query] POST https://serviceusage.googleapis.com/v1beta1/projects/558657031819/services/pubsub.googleapis.com:generateServiceIdentity [none]
[debug] [2025-12-09T05:34:08.741Z] >>> [apiv2][(partial)header] POST https://serviceusage.googleapis.com/v1beta1/projects/558657031819/services/pubsub.googleapis.com:generateServiceIdentity x-goog-quota-user=projects/558657031819
[debug] [2025-12-09T05:34:08.741Z] >>> [apiv2][body] POST https://serviceusage.googleapis.com/v1beta1/projects/558657031819/services/pubsub.googleapis.com:generateServiceIdentity {}
[debug] [2025-12-09T05:34:08.743Z] >>> [apiv2][query] POST https://serviceusage.googleapis.com/v1beta1/projects/558657031819/services/eventarc.googleapis.com:generateServiceIdentity [none]
[debug] [2025-12-09T05:34:08.743Z] >>> [apiv2][(partial)header] POST https://serviceusage.googleapis.com/v1beta1/projects/558657031819/services/eventarc.googleapis.com:generateServiceIdentity x-goog-quota-user=projects/558657031819
[debug] [2025-12-09T05:34:08.743Z] >>> [apiv2][body] POST https://serviceusage.googleapis.com/v1beta1/projects/558657031819/services/eventarc.googleapis.com:generateServiceIdentity {}
[debug] [2025-12-09T05:34:10.211Z] <<< [apiv2][status] POST https://serviceusage.googleapis.com/v1beta1/projects/558657031819/services/eventarc.googleapis.com:generateServiceIdentity 200
[debug] [2025-12-09T05:34:10.211Z] <<< [apiv2][body] POST https://serviceusage.googleapis.com/v1beta1/projects/558657031819/services/eventarc.googleapis.com:generateServiceIdentity {"name":"operations/finished.DONE_OPERATION","done":true,"response":{"@type":"type.googleapis.com/google.api.serviceusage.v1beta1.ServiceIdentity","email":"service-558657031819@gcp-sa-eventarc.iam.gserviceaccount.com","uniqueId":"100216744357381447741"}}
[debug] [2025-12-09T05:34:10.231Z] <<< [apiv2][status] POST https://serviceusage.googleapis.com/v1beta1/projects/558657031819/services/pubsub.googleapis.com:generateServiceIdentity 200
[debug] [2025-12-09T05:34:10.231Z] <<< [apiv2][body] POST https://serviceusage.googleapis.com/v1beta1/projects/558657031819/services/pubsub.googleapis.com:generateServiceIdentity {"name":"operations/finished.DONE_OPERATION","done":true,"response":{"@type":"type.googleapis.com/google.api.serviceusage.v1beta1.ServiceIdentity","email":"service-558657031819@gcp-sa-pubsub.iam.gserviceaccount.com","uniqueId":"106535385248960129729"}}
[debug] [2025-12-09T05:34:10.237Z] Checked if tokens are valid: true, expires at: 1765261771768
[debug] [2025-12-09T05:34:10.238Z] Checked if tokens are valid: true, expires at: 1765261771768
[debug] [2025-12-09T05:34:10.238Z] >>> [apiv2][query] GET https://cloudresourcemanager.googleapis.com/v1/projects/dbtest-1c893 [none]
[debug] [2025-12-09T05:34:10.539Z] <<< [apiv2][status] GET https://cloudresourcemanager.googleapis.com/v1/projects/dbtest-1c893 200
[debug] [2025-12-09T05:34:10.540Z] <<< [apiv2][body] GET https://cloudresourcemanager.googleapis.com/v1/projects/dbtest-1c893 {"projectNumber":"558657031819","projectId":"dbtest-1c893","lifecycleState":"ACTIVE","name":"smartseat","labels":{"firebase":"enabled","firebase-core":"disabled"},"createTime":"2025-09-30T15:20:05.966941Z"}
[debug] [2025-12-09T05:34:10.541Z] Checked if tokens are valid: true, expires at: 1765261771768
[debug] [2025-12-09T05:34:10.541Z] Checked if tokens are valid: true, expires at: 1765261771768
[debug] [2025-12-09T05:34:10.541Z] >>> [apiv2][query] GET https://compute.googleapis.com/compute/v1/projects/558657031819 [none]
[debug] [2025-12-09T05:34:10.926Z] <<< [apiv2][status] GET https://compute.googleapis.com/compute/v1/projects/558657031819 403
[debug] [2025-12-09T05:34:10.926Z] <<< [apiv2][body] GET https://compute.googleapis.com/compute/v1/projects/558657031819 {"error":{"code":403,"message":"Compute Engine API has not been used in project 558657031819 before or it is disabled. Enable it by visiting https://console.developers.google.com/apis/api/compute.googleapis.com/overview?project=558657031819 then retry. If you enabled this API recently, wait a few minutes for the action to propagate to our systems and retry.","errors":[{"message":"Compute Engine API has not been used in project 558657031819 before or it is disabled. Enable it by visiting https://console.developers.google.com/apis/api/compute.googleapis.com/overview?project=558657031819 then retry. If you enabled this API recently, wait a few minutes for the action to propagate to our systems and retry.","domain":"usageLimits","reason":"accessNotConfigured","extendedHelp":"https://console.developers.google.com"}],"status":"PERMISSION_DENIED","details":[{"@type":"type.googleapis.com/google.rpc.ErrorInfo","reason":"SERVICE_DISABLED","domain":"googleapis.com","metadata":{"activationUrl":"https://console.developers.google.com/apis/api/compute.googleapis.com/overview?project=558657031819","consumer":"projects/558657031819","serviceTitle":"Compute Engine API","containerInfo":"558657031819","service":"compute.googleapis.com"}},{"@type":"type.googleapis.com/google.rpc.LocalizedMessage","locale":"en-US","message":"Compute Engine API has not been used in project 558657031819 before or it is disabled. Enable it by visiting https://console.developers.google.com/apis/api/compute.googleapis.com/overview?project=558657031819 then retry. If you enabled this API recently, wait a few minutes for the action to propagate to our systems and retry."},{"@type":"type.googleapis.com/google.rpc.Help","links":[{"description":"Google developers console API activation","url":"https://console.developers.google.com/apis/api/compute.googleapis.com/overview?project=558657031819"}]}]}}
[debug] [2025-12-09T05:34:10.927Z] unable to look up default compute service account. Falling back to 558657031819-compute@developer.gserviceaccount.com. Error: {"name":"FirebaseError","children":[],"context":{"body":{"error":{"code":403,"message":"Compute Engine API has not been used in project 558657031819 before or it is disabled. Enable it by visiting https://console.developers.google.com/apis/api/compute.googleapis.com/overview?project=558657031819 then retry. If you enabled this API recently, wait a few minutes for the action to propagate to our systems and retry.","errors":[{"message":"Compute Engine API has not been used in project 558657031819 before or it is disabled. Enable it by visiting https://console.developers.google.com/apis/api/compute.googleapis.com/overview?project=558657031819 then retry. If you enabled this API recently, wait a few minutes for the action to propagate to our systems and retry.","domain":"usageLimits","reason":"accessNotConfigured","extendedHelp":"https://console.developers.google.com"}],"status":"PERMISSION_DENIED","details":[{"@type":"type.googleapis.com/google.rpc.ErrorInfo","reason":"SERVICE_DISABLED","domain":"googleapis.com","metadata":{"activationUrl":"https://console.developers.google.com/apis/api/compute.googleapis.com/overview?project=558657031819","consumer":"projects/558657031819","serviceTitle":"Compute Engine API","containerInfo":"558657031819","service":"compute.googleapis.com"}},{"@type":"type.googleapis.com/google.rpc.LocalizedMessage","locale":"en-US","message":"Compute Engine API has not been used in project 558657031819 before or it is disabled. Enable it by visiting https://console.developers.google.com/apis/api/compute.googleapis.com/overview?project=558657031819 then retry. If you enabled this API recently, wait a few minutes for the action to propagate to our systems and retry."},{"@type":"type.googleapis.com/google.rpc.Help","links":[{"description":"Google developers console API activation","url":"https://console.developers.google.com/apis/api/compute.googleapis.com/overview?project=558657031819"}]}]}},"response":{"statusCode":403}},"exit":1,"message":"Request to https://compute.googleapis.com/compute/v1/projects/558657031819 had HTTP Error: 403, Compute Engine API has not been used in project 558657031819 before or it is disabled. Enable it by visiting https://console.developers.google.com/apis/api/compute.googleapis.com/overview?project=558657031819 then retry. If you enabled this API recently, wait a few minutes for the action to propagate to our systems and retry.","status":403}
[debug] [2025-12-09T05:34:10.932Z] Checked if tokens are valid: true, expires at: 1765261771768
[debug] [2025-12-09T05:34:10.932Z] Checked if tokens are valid: true, expires at: 1765261771768
[debug] [2025-12-09T05:34:10.933Z] >>> [apiv2][query] GET https://cloudbilling.googleapis.com/v1/projects/dbtest-1c893/billingInfo [none]
[debug] [2025-12-09T05:34:12.182Z] <<< [apiv2][status] GET https://cloudbilling.googleapis.com/v1/projects/dbtest-1c893/billingInfo 200
[debug] [2025-12-09T05:34:12.183Z] <<< [apiv2][body] GET https://cloudbilling.googleapis.com/v1/projects/dbtest-1c893/billingInfo {"name":"projects/dbtest-1c893/billingInfo","projectId":"dbtest-1c893","billingAccountName":"billingAccounts/0153FD-04EBFD-1FEA05","billingEnabled":true}
[debug] [2025-12-09T05:34:12.188Z] Checked if tokens are valid: true, expires at: 1765261771768
[debug] [2025-12-09T05:34:12.189Z] Checked if tokens are valid: true, expires at: 1765261771768
[debug] [2025-12-09T05:34:12.189Z] >>> [apiv2][query] POST https://cloudfunctions.googleapis.com/v2/projects/dbtest-1c893/locations/asia-northeast3/functions:generateUploadUrl [none]
[debug] [2025-12-09T05:34:12.613Z] <<< [apiv2][status] POST https://cloudfunctions.googleapis.com/v2/projects/dbtest-1c893/locations/asia-northeast3/functions:generateUploadUrl 200
[debug] [2025-12-09T05:34:12.613Z] <<< [apiv2][body] POST https://cloudfunctions.googleapis.com/v2/projects/dbtest-1c893/locations/asia-northeast3/functions:generateUploadUrl {"uploadUrl":"https://storage.googleapis.com/gcf-v2-uploads-558657031819.asia-northeast3.cloudfunctions.appspot.com/b8661192-bf08-4e77-b9ca-301f7278e3d3.zip?GoogleAccessId=service-558657031819@gcf-admin-robot.iam.gserviceaccount.com&Expires=1765260253&Signature=E0mdz6YFqfbj5lsHEvhKxkKBwjlz8TEpV3Fd3G6p8nb%2FhTLTWnj5jAnSwpdIRo%2FchQnstQWOTKOuzx8A3uBJsQzUtdd6%2FKCmXaBbFYVbtbljVYJwf5SfXNIB5SJeN1j0ztWMTSHG0OWcBtDWWyKyYnulq%2BTlOYw%2BWc7Argxq%2Fjk4DQ8%2FwtwJNTdUQCzP8wJsHkeF6wn5e73hFJ9C8X6%2FkuV%2FvvoCBnHtk5qsPuZc2cfHY63ueW1DjaKgiAb3ictC9hvVXUsq1jqQFacODG9%2FfK0l4q12l%2FHS%2BC7aSIcR%2FnvEqql8C8PppklUgrlDcGuSEtjwY5Z1tFL78DZoJrwYOw%3D%3D","storageSource":{"bucket":"gcf-v2-uploads-558657031819.asia-northeast3.cloudfunctions.appspot.com","object":"b8661192-bf08-4e77-b9ca-301f7278e3d3.zip"}}
[debug] [2025-12-09T05:34:12.615Z] >>> [apiv2][query] PUT https://storage.googleapis.com/gcf-v2-uploads-558657031819.asia-northeast3.cloudfunctions.appspot.com/b8661192-bf08-4e77-b9ca-301f7278e3d3.zip GoogleAccessId=service-558657031819%40gcf-admin-robot.iam.gserviceaccount.com&Expires=1765260253&Signature=E0mdz6YFqfbj5lsHEvhKxkKBwjlz8TEpV3Fd3G6p8nb%2FhTLTWnj5jAnSwpdIRo%2FchQnstQWOTKOuzx8A3uBJsQzUtdd6%2FKCmXaBbFYVbtbljVYJwf5SfXNIB5SJeN1j0ztWMTSHG0OWcBtDWWyKyYnulq%2BTlOYw%2BWc7Argxq%2Fjk4DQ8%2FwtwJNTdUQCzP8wJsHkeF6wn5e73hFJ9C8X6%2FkuV%2FvvoCBnHtk5qsPuZc2cfHY63ueW1DjaKgiAb3ictC9hvVXUsq1jqQFacODG9%2FfK0l4q12l%2FHS%2BC7aSIcR%2FnvEqql8C8PppklUgrlDcGuSEtjwY5Z1tFL78DZoJrwYOw%3D%3D
[debug] [2025-12-09T05:34:12.615Z] >>> [apiv2][body] PUT https://storage.googleapis.com/gcf-v2-uploads-558657031819.asia-northeast3.cloudfunctions.appspot.com/b8661192-bf08-4e77-b9ca-301f7278e3d3.zip [stream]
[debug] [2025-12-09T05:34:12.748Z] <<< [apiv2][status] PUT https://storage.googleapis.com/gcf-v2-uploads-558657031819.asia-northeast3.cloudfunctions.appspot.com/b8661192-bf08-4e77-b9ca-301f7278e3d3.zip 200
[debug] [2025-12-09T05:34:12.749Z] <<< [apiv2][body] PUT https://storage.googleapis.com/gcf-v2-uploads-558657031819.asia-northeast3.cloudfunctions.appspot.com/b8661192-bf08-4e77-b9ca-301f7278e3d3.zip [omitted]
[info] +  functions: functions source uploaded successfully 
[info] i  functions: updating Node.js 20 (2nd Gen) function insertNovStats(us-central1)... 
[debug] [2025-12-09T05:34:12.759Z] Checked if tokens are valid: true, expires at: 1765261771768
[debug] [2025-12-09T05:34:12.759Z] Checked if tokens are valid: true, expires at: 1765261771768
[debug] [2025-12-09T05:34:12.760Z] >>> [apiv2][query] PATCH https://cloudfunctions.googleapis.com/v2/projects/dbtest-1c893/locations/us-central1/functions/insertNovStats updateMask=name%2CbuildConfig.runtime%2CbuildConfig.entryPoint%2CbuildConfig.source.storageSource.bucket%2CbuildConfig.source.storageSource.object%2CbuildConfig.environmentVariables%2CbuildConfig.sourceToken%2CserviceConfig.environmentVariables%2CserviceConfig.ingressSettings%2CserviceConfig.timeoutSeconds%2CserviceConfig.serviceAccountEmail%2CserviceConfig.availableMemory%2CserviceConfig.minInstanceCount%2CserviceConfig.maxInstanceCount%2CserviceConfig.maxInstanceRequestConcurrency%2CserviceConfig.availableCpu%2CserviceConfig.vpcConnector%2CserviceConfig.vpcConnectorEgressSettings%2Clabels
[debug] [2025-12-09T05:34:12.760Z] >>> [apiv2][body] PATCH https://cloudfunctions.googleapis.com/v2/projects/dbtest-1c893/locations/us-central1/functions/insertNovStats {"name":"projects/dbtest-1c893/locations/us-central1/functions/insertNovStats","buildConfig":{"runtime":"nodejs20","entryPoint":"insertNovStats","source":{"storageSource":{"bucket":"gcf-v2-uploads-558657031819.asia-northeast3.cloudfunctions.appspot.com","object":"b8661192-bf08-4e77-b9ca-301f7278e3d3.zip"}},"environmentVariables":{"GOOGLE_NODE_RUN_SCRIPTS":""}},"serviceConfig":{"environmentVariables":{"FIREBASE_CONFIG":"{\"projectId\":\"dbtest-1c893\",\"databaseURL\":\"https://dbtest-1c893-default-rtdb.asia-southeast1.firebasedatabase.app\",\"storageBucket\":\"dbtest-1c893.firebasestorage.app\"}","GCLOUD_PROJECT":"dbtest-1c893","EVENTARC_CLOUD_EVENT_SOURCE":"projects/dbtest-1c893/locations/us-central1/services/insertNovStats","FUNCTION_TARGET":"insertNovStats","LOG_EXECUTION_ID":"true"},"ingressSettings":null,"timeoutSeconds":null,"serviceAccountEmail":null,"availableMemory":"256Mi","minInstanceCount":null,"maxInstanceCount":null,"maxInstanceRequestConcurrency":80,"availableCpu":"1","vpcConnector":null,"vpcConnectorEgressSettings":null},"labels":{"deployment-tool":"cli-firebase","firebase-functions-hash":"7c558bb254ab2da92c5b7c717bcd20cac2d78de2"}}
[debug] [2025-12-09T05:34:15.390Z] <<< [apiv2][status] PATCH https://cloudfunctions.googleapis.com/v2/projects/dbtest-1c893/locations/us-central1/functions/insertNovStats 200
[debug] [2025-12-09T05:34:15.390Z] <<< [apiv2][body] PATCH https://cloudfunctions.googleapis.com/v2/projects/dbtest-1c893/locations/us-central1/functions/insertNovStats {"name":"projects/dbtest-1c893/locations/us-central1/operations/operation-1765258453713-6457e431200c6-735dcb51-4d783d9d","metadata":{"@type":"type.googleapis.com/google.cloud.functions.v2.OperationMetadata","createTime":"2025-12-09T05:34:15.949908088Z","target":"projects/dbtest-1c893/locations/us-central1/functions/insertNovStats","verb":"update","cancelRequested":false,"apiVersion":"v2"},"done":false}
[debug] [2025-12-09T05:34:15.391Z] Checked if tokens are valid: true, expires at: 1765261771768
[debug] [2025-12-09T05:34:15.392Z] Checked if tokens are valid: true, expires at: 1765261771768
[debug] [2025-12-09T05:34:15.392Z] >>> [apiv2][query] GET https://cloudfunctions.googleapis.com/v2/projects/dbtest-1c893/locations/us-central1/operations/operation-1765258453713-6457e431200c6-735dcb51-4d783d9d [none]
[debug] [2025-12-09T05:34:16.380Z] <<< [apiv2][status] GET https://cloudfunctions.googleapis.com/v2/projects/dbtest-1c893/locations/us-central1/operations/operation-1765258453713-6457e431200c6-735dcb51-4d783d9d 200
[debug] [2025-12-09T05:34:16.380Z] <<< [apiv2][body] GET https://cloudfunctions.googleapis.com/v2/projects/dbtest-1c893/locations/us-central1/operations/operation-1765258453713-6457e431200c6-735dcb51-4d783d9d {"name":"projects/dbtest-1c893/locations/us-central1/operations/operation-1765258453713-6457e431200c6-735dcb51-4d783d9d","metadata":{"@type":"type.googleapis.com/google.cloud.functions.v2.OperationMetadata","createTime":"2025-12-09T05:34:15.949908088Z","target":"projects/dbtest-1c893/locations/us-central1/functions/insertNovStats","verb":"update","cancelRequested":false,"apiVersion":"v2","requestResource":{"@type":"type.googleapis.com/google.cloud.functions.v2.Function","name":"projects/dbtest-1c893/locations/us-central1/functions/insertNovStats","buildConfig":{"runtime":"nodejs20","entryPoint":"insertNovStats","source":{"storageSource":{"bucket":"gcf-v2-sources-558657031819-us-central1","object":"insertNovStats/function-source.zip","generation":"1765258455860554"}},"environmentVariables":{"GOOGLE_NODE_RUN_SCRIPTS":""},"dockerRepository":"projects/dbtest-1c893/locations/us-central1/repositories/gcf-artifacts","sourceProvenance":{"resolvedStorageSource":{"bucket":"gcf-v2-sources-558657031819-us-central1","object":"insertNovStats/function-source.zip","generation":"1765251186190465"}},"dockerRegistry":"ARTIFACT_REGISTRY","serviceAccount":"projects/dbtest-1c893/serviceAccounts/558657031819-compute@developer.gserviceaccount.com","automaticUpdatePolicy":{}},"serviceConfig":{"service":"projects/dbtest-1c893/locations/us-central1/services/insertnovstats","timeoutSeconds":60,"environmentVariables":{"FIREBASE_CONFIG":"{\"projectId\":\"dbtest-1c893\",\"databaseURL\":\"https://dbtest-1c893-default-rtdb.asia-southeast1.firebasedatabase.app\",\"storageBucket\":\"dbtest-1c893.firebasestorage.app\"}","GCLOUD_PROJECT":"dbtest-1c893","EVENTARC_CLOUD_EVENT_SOURCE":"projects/dbtest-1c893/locations/us-central1/services/insertNovStats","FUNCTION_TARGET":"insertNovStats","LOG_EXECUTION_ID":"true"},"ingressSettings":"ALLOW_ALL","uri":"https://insertnovstats-7xthiczvfa-uc.a.run.app","serviceAccountEmail":"558657031819-compute@developer.gserviceaccount.com","availableMemory":"256Mi","allTrafficOnLatestRevision":true,"revision":"insertnovstats-00002-viq","maxInstanceRequestConcurrency":80,"availableCpu":"1"},"state":"ACTIVE","labels":{"deployment-tool":"cli-firebase","firebase-functions-hash":"7c558bb254ab2da92c5b7c717bcd20cac2d78de2"},"environment":"GEN_2","url":"https://us-central1-dbtest-1c893.cloudfunctions.net/insertNovStats","satisfiesPzi":true},"stages":[{"name":"BUILD","message":"Build in progress","state":"IN_PROGRESS","resource":"projects/558657031819/locations/us-central1/builds/71bf9c5f-58f7-4c61-8950-ced3304359bd","resourceUri":"https://console.cloud.google.com/cloud-build/builds;region=us-central1/71bf9c5f-58f7-4c61-8950-ced3304359bd?project=558657031819"},{"name":"SERVICE","state":"NOT_STARTED"}],"operationType":"UPDATE_FUNCTION","buildName":"projects/558657031819/locations/us-central1/builds/71bf9c5f-58f7-4c61-8950-ced3304359bd"},"done":false}
[debug] [2025-12-09T05:34:16.893Z] [update-default-us-central1-insertNovStats] Retrying task index 0
[debug] [2025-12-09T05:34:16.894Z] Checked if tokens are valid: true, expires at: 1765261771768
[debug] [2025-12-09T05:34:16.894Z] Checked if tokens are valid: true, expires at: 1765261771768
[debug] [2025-12-09T05:34:16.894Z] >>> [apiv2][query] GET https://cloudfunctions.googleapis.com/v2/projects/dbtest-1c893/locations/us-central1/operations/operation-1765258453713-6457e431200c6-735dcb51-4d783d9d [none]
[debug] [2025-12-09T05:34:17.269Z] <<< [apiv2][status] GET https://cloudfunctions.googleapis.com/v2/projects/dbtest-1c893/locations/us-central1/operations/operation-1765258453713-6457e431200c6-735dcb51-4d783d9d 200
[debug] [2025-12-09T05:34:17.270Z] <<< [apiv2][body] GET https://cloudfunctions.googleapis.com/v2/projects/dbtest-1c893/locations/us-central1/operations/operation-1765258453713-6457e431200c6-735dcb51-4d783d9d {"name":"projects/dbtest-1c893/locations/us-central1/operations/operation-1765258453713-6457e431200c6-735dcb51-4d783d9d","metadata":{"@type":"type.googleapis.com/google.cloud.functions.v2.OperationMetadata","createTime":"2025-12-09T05:34:15.949908088Z","target":"projects/dbtest-1c893/locations/us-central1/functions/insertNovStats","verb":"update","cancelRequested":false,"apiVersion":"v2","requestResource":{"@type":"type.googleapis.com/google.cloud.functions.v2.Function","name":"projects/dbtest-1c893/locations/us-central1/functions/insertNovStats","buildConfig":{"runtime":"nodejs20","entryPoint":"insertNovStats","source":{"storageSource":{"bucket":"gcf-v2-sources-558657031819-us-central1","object":"insertNovStats/function-source.zip","generation":"1765258455860554"}},"environmentVariables":{"GOOGLE_NODE_RUN_SCRIPTS":""},"dockerRepository":"projects/dbtest-1c893/locations/us-central1/repositories/gcf-artifacts","sourceProvenance":{"resolvedStorageSource":{"bucket":"gcf-v2-sources-558657031819-us-central1","object":"insertNovStats/function-source.zip","generation":"1765251186190465"}},"dockerRegistry":"ARTIFACT_REGISTRY","serviceAccount":"projects/dbtest-1c893/serviceAccounts/558657031819-compute@developer.gserviceaccount.com","automaticUpdatePolicy":{}},"serviceConfig":{"service":"projects/dbtest-1c893/locations/us-central1/services/insertnovstats","timeoutSeconds":60,"environmentVariables":{"FIREBASE_CONFIG":"{\"projectId\":\"dbtest-1c893\",\"databaseURL\":\"https://dbtest-1c893-default-rtdb.asia-southeast1.firebasedatabase.app\",\"storageBucket\":\"dbtest-1c893.firebasestorage.app\"}","GCLOUD_PROJECT":"dbtest-1c893","EVENTARC_CLOUD_EVENT_SOURCE":"projects/dbtest-1c893/locations/us-central1/services/insertNovStats","FUNCTION_TARGET":"insertNovStats","LOG_EXECUTION_ID":"true"},"ingressSettings":"ALLOW_ALL","uri":"https://insertnovstats-7xthiczvfa-uc.a.run.app","serviceAccountEmail":"558657031819-compute@developer.gserviceaccount.com","availableMemory":"256Mi","allTrafficOnLatestRevision":true,"revision":"insertnovstats-00002-viq","maxInstanceRequestConcurrency":80,"availableCpu":"1"},"state":"ACTIVE","labels":{"deployment-tool":"cli-firebase","firebase-functions-hash":"7c558bb254ab2da92c5b7c717bcd20cac2d78de2"},"environment":"GEN_2","url":"https://us-central1-dbtest-1c893.cloudfunctions.net/insertNovStats","satisfiesPzi":true},"stages":[{"name":"BUILD","message":"Build in progress","state":"IN_PROGRESS","resource":"projects/558657031819/locations/us-central1/builds/71bf9c5f-58f7-4c61-8950-ced3304359bd","resourceUri":"https://console.cloud.google.com/cloud-build/builds;region=us-central1/71bf9c5f-58f7-4c61-8950-ced3304359bd?project=558657031819"},{"name":"SERVICE","state":"NOT_STARTED"}],"operationType":"UPDATE_FUNCTION","buildName":"projects/558657031819/locations/us-central1/builds/71bf9c5f-58f7-4c61-8950-ced3304359bd"},"done":false}
[debug] [2025-12-09T05:34:18.284Z] [update-default-us-central1-insertNovStats] Retrying task index 0
[debug] [2025-12-09T05:34:18.284Z] Checked if tokens are valid: true, expires at: 1765261771768
[debug] [2025-12-09T05:34:18.285Z] Checked if tokens are valid: true, expires at: 1765261771768
[debug] [2025-12-09T05:34:18.285Z] >>> [apiv2][query] GET https://cloudfunctions.googleapis.com/v2/projects/dbtest-1c893/locations/us-central1/operations/operation-1765258453713-6457e431200c6-735dcb51-4d783d9d [none]
[debug] [2025-12-09T05:34:19.267Z] <<< [apiv2][status] GET https://cloudfunctions.googleapis.com/v2/projects/dbtest-1c893/locations/us-central1/operations/operation-1765258453713-6457e431200c6-735dcb51-4d783d9d 200
[debug] [2025-12-09T05:34:19.267Z] <<< [apiv2][body] GET https://cloudfunctions.googleapis.com/v2/projects/dbtest-1c893/locations/us-central1/operations/operation-1765258453713-6457e431200c6-735dcb51-4d783d9d {"name":"projects/dbtest-1c893/locations/us-central1/operations/operation-1765258453713-6457e431200c6-735dcb51-4d783d9d","metadata":{"@type":"type.googleapis.com/google.cloud.functions.v2.OperationMetadata","createTime":"2025-12-09T05:34:15.949908088Z","target":"projects/dbtest-1c893/locations/us-central1/functions/insertNovStats","verb":"update","cancelRequested":false,"apiVersion":"v2","requestResource":{"@type":"type.googleapis.com/google.cloud.functions.v2.Function","name":"projects/dbtest-1c893/locations/us-central1/functions/insertNovStats","buildConfig":{"runtime":"nodejs20","entryPoint":"insertNovStats","source":{"storageSource":{"bucket":"gcf-v2-sources-558657031819-us-central1","object":"insertNovStats/function-source.zip","generation":"1765258455860554"}},"environmentVariables":{"GOOGLE_NODE_RUN_SCRIPTS":""},"dockerRepository":"projects/dbtest-1c893/locations/us-central1/repositories/gcf-artifacts","sourceProvenance":{"resolvedStorageSource":{"bucket":"gcf-v2-sources-558657031819-us-central1","object":"insertNovStats/function-source.zip","generation":"1765251186190465"}},"dockerRegistry":"ARTIFACT_REGISTRY","serviceAccount":"projects/dbtest-1c893/serviceAccounts/558657031819-compute@developer.gserviceaccount.com","automaticUpdatePolicy":{}},"serviceConfig":{"service":"projects/dbtest-1c893/locations/us-central1/services/insertnovstats","timeoutSeconds":60,"environmentVariables":{"FIREBASE_CONFIG":"{\"projectId\":\"dbtest-1c893\",\"databaseURL\":\"https://dbtest-1c893-default-rtdb.asia-southeast1.firebasedatabase.app\",\"storageBucket\":\"dbtest-1c893.firebasestorage.app\"}","GCLOUD_PROJECT":"dbtest-1c893","EVENTARC_CLOUD_EVENT_SOURCE":"projects/dbtest-1c893/locations/us-central1/services/insertNovStats","FUNCTION_TARGET":"insertNovStats","LOG_EXECUTION_ID":"true"},"ingressSettings":"ALLOW_ALL","uri":"https://insertnovstats-7xthiczvfa-uc.a.run.app","serviceAccountEmail":"558657031819-compute@developer.gserviceaccount.com","availableMemory":"256Mi","allTrafficOnLatestRevision":true,"revision":"insertnovstats-00002-viq","maxInstanceRequestConcurrency":80,"availableCpu":"1"},"state":"ACTIVE","labels":{"deployment-tool":"cli-firebase","firebase-functions-hash":"7c558bb254ab2da92c5b7c717bcd20cac2d78de2"},"environment":"GEN_2","url":"https://us-central1-dbtest-1c893.cloudfunctions.net/insertNovStats","satisfiesPzi":true},"stages":[{"name":"BUILD","message":"Build in progress","state":"IN_PROGRESS","resource":"projects/558657031819/locations/us-central1/builds/71bf9c5f-58f7-4c61-8950-ced3304359bd","resourceUri":"https://console.cloud.google.com/cloud-build/builds;region=us-central1/71bf9c5f-58f7-4c61-8950-ced3304359bd?project=558657031819"},{"name":"SERVICE","state":"NOT_STARTED"}],"operationType":"UPDATE_FUNCTION","buildName":"projects/558657031819/locations/us-central1/builds/71bf9c5f-58f7-4c61-8950-ced3304359bd"},"done":false}
[debug] [2025-12-09T05:34:21.272Z] [update-default-us-central1-insertNovStats] Retrying task index 0
[debug] [2025-12-09T05:34:21.272Z] Checked if tokens are valid: true, expires at: 1765261771768
[debug] [2025-12-09T05:34:21.272Z] Checked if tokens are valid: true, expires at: 1765261771768
[debug] [2025-12-09T05:34:21.272Z] >>> [apiv2][query] GET https://cloudfunctions.googleapis.com/v2/projects/dbtest-1c893/locations/us-central1/operations/operation-1765258453713-6457e431200c6-735dcb51-4d783d9d [none]
[debug] [2025-12-09T05:34:22.256Z] <<< [apiv2][status] GET https://cloudfunctions.googleapis.com/v2/projects/dbtest-1c893/locations/us-central1/operations/operation-1765258453713-6457e431200c6-735dcb51-4d783d9d 200
[debug] [2025-12-09T05:34:22.257Z] <<< [apiv2][body] GET https://cloudfunctions.googleapis.com/v2/projects/dbtest-1c893/locations/us-central1/operations/operation-1765258453713-6457e431200c6-735dcb51-4d783d9d {"name":"projects/dbtest-1c893/locations/us-central1/operations/operation-1765258453713-6457e431200c6-735dcb51-4d783d9d","metadata":{"@type":"type.googleapis.com/google.cloud.functions.v2.OperationMetadata","createTime":"2025-12-09T05:34:15.949908088Z","target":"projects/dbtest-1c893/locations/us-central1/functions/insertNovStats","verb":"update","cancelRequested":false,"apiVersion":"v2","requestResource":{"@type":"type.googleapis.com/google.cloud.functions.v2.Function","name":"projects/dbtest-1c893/locations/us-central1/functions/insertNovStats","buildConfig":{"runtime":"nodejs20","entryPoint":"insertNovStats","source":{"storageSource":{"bucket":"gcf-v2-sources-558657031819-us-central1","object":"insertNovStats/function-source.zip","generation":"1765258455860554"}},"environmentVariables":{"GOOGLE_NODE_RUN_SCRIPTS":""},"dockerRepository":"projects/dbtest-1c893/locations/us-central1/repositories/gcf-artifacts","sourceProvenance":{"resolvedStorageSource":{"bucket":"gcf-v2-sources-558657031819-us-central1","object":"insertNovStats/function-source.zip","generation":"1765251186190465"}},"dockerRegistry":"ARTIFACT_REGISTRY","serviceAccount":"projects/dbtest-1c893/serviceAccounts/558657031819-compute@developer.gserviceaccount.com","automaticUpdatePolicy":{}},"serviceConfig":{"service":"projects/dbtest-1c893/locations/us-central1/services/insertnovstats","timeoutSeconds":60,"environmentVariables":{"FIREBASE_CONFIG":"{\"projectId\":\"dbtest-1c893\",\"databaseURL\":\"https://dbtest-1c893-default-rtdb.asia-southeast1.firebasedatabase.app\",\"storageBucket\":\"dbtest-1c893.firebasestorage.app\"}","GCLOUD_PROJECT":"dbtest-1c893","EVENTARC_CLOUD_EVENT_SOURCE":"projects/dbtest-1c893/locations/us-central1/services/insertNovStats","FUNCTION_TARGET":"insertNovStats","LOG_EXECUTION_ID":"true"},"ingressSettings":"ALLOW_ALL","uri":"https://insertnovstats-7xthiczvfa-uc.a.run.app","serviceAccountEmail":"558657031819-compute@developer.gserviceaccount.com","availableMemory":"256Mi","allTrafficOnLatestRevision":true,"revision":"insertnovstats-00002-viq","maxInstanceRequestConcurrency":80,"availableCpu":"1"},"state":"ACTIVE","labels":{"deployment-tool":"cli-firebase","firebase-functions-hash":"7c558bb254ab2da92c5b7c717bcd20cac2d78de2"},"environment":"GEN_2","url":"https://us-central1-dbtest-1c893.cloudfunctions.net/insertNovStats","satisfiesPzi":true},"stages":[{"name":"BUILD","message":"Build in progress","state":"IN_PROGRESS","resource":"projects/558657031819/locations/us-central1/builds/71bf9c5f-58f7-4c61-8950-ced3304359bd","resourceUri":"https://console.cloud.google.com/cloud-build/builds;region=us-central1/71bf9c5f-58f7-4c61-8950-ced3304359bd?project=558657031819"},{"name":"SERVICE","state":"NOT_STARTED"}],"operationType":"UPDATE_FUNCTION","buildName":"projects/558657031819/locations/us-central1/builds/71bf9c5f-58f7-4c61-8950-ced3304359bd"},"done":false}
[debug] [2025-12-09T05:34:26.262Z] [update-default-us-central1-insertNovStats] Retrying task index 0
[debug] [2025-12-09T05:34:26.263Z] Checked if tokens are valid: true, expires at: 1765261771768
[debug] [2025-12-09T05:34:26.263Z] Checked if tokens are valid: true, expires at: 1765261771768
[debug] [2025-12-09T05:34:26.263Z] >>> [apiv2][query] GET https://cloudfunctions.googleapis.com/v2/projects/dbtest-1c893/locations/us-central1/operations/operation-1765258453713-6457e431200c6-735dcb51-4d783d9d [none]
[debug] [2025-12-09T05:34:27.232Z] <<< [apiv2][status] GET https://cloudfunctions.googleapis.com/v2/projects/dbtest-1c893/locations/us-central1/operations/operation-1765258453713-6457e431200c6-735dcb51-4d783d9d 200
[debug] [2025-12-09T05:34:27.233Z] <<< [apiv2][body] GET https://cloudfunctions.googleapis.com/v2/projects/dbtest-1c893/locations/us-central1/operations/operation-1765258453713-6457e431200c6-735dcb51-4d783d9d {"name":"projects/dbtest-1c893/locations/us-central1/operations/operation-1765258453713-6457e431200c6-735dcb51-4d783d9d","metadata":{"@type":"type.googleapis.com/google.cloud.functions.v2.OperationMetadata","createTime":"2025-12-09T05:34:15.949908088Z","target":"projects/dbtest-1c893/locations/us-central1/functions/insertNovStats","verb":"update","cancelRequested":false,"apiVersion":"v2","requestResource":{"@type":"type.googleapis.com/google.cloud.functions.v2.Function","name":"projects/dbtest-1c893/locations/us-central1/functions/insertNovStats","buildConfig":{"runtime":"nodejs20","entryPoint":"insertNovStats","source":{"storageSource":{"bucket":"gcf-v2-sources-558657031819-us-central1","object":"insertNovStats/function-source.zip","generation":"1765258455860554"}},"environmentVariables":{"GOOGLE_NODE_RUN_SCRIPTS":""},"dockerRepository":"projects/dbtest-1c893/locations/us-central1/repositories/gcf-artifacts","sourceProvenance":{"resolvedStorageSource":{"bucket":"gcf-v2-sources-558657031819-us-central1","object":"insertNovStats/function-source.zip","generation":"1765251186190465"}},"dockerRegistry":"ARTIFACT_REGISTRY","serviceAccount":"projects/dbtest-1c893/serviceAccounts/558657031819-compute@developer.gserviceaccount.com","automaticUpdatePolicy":{}},"serviceConfig":{"service":"projects/dbtest-1c893/locations/us-central1/services/insertnovstats","timeoutSeconds":60,"environmentVariables":{"FIREBASE_CONFIG":"{\"projectId\":\"dbtest-1c893\",\"databaseURL\":\"https://dbtest-1c893-default-rtdb.asia-southeast1.firebasedatabase.app\",\"storageBucket\":\"dbtest-1c893.firebasestorage.app\"}","GCLOUD_PROJECT":"dbtest-1c893","EVENTARC_CLOUD_EVENT_SOURCE":"projects/dbtest-1c893/locations/us-central1/services/insertNovStats","FUNCTION_TARGET":"insertNovStats","LOG_EXECUTION_ID":"true"},"ingressSettings":"ALLOW_ALL","uri":"https://insertnovstats-7xthiczvfa-uc.a.run.app","serviceAccountEmail":"558657031819-compute@developer.gserviceaccount.com","availableMemory":"256Mi","allTrafficOnLatestRevision":true,"revision":"insertnovstats-00002-viq","maxInstanceRequestConcurrency":80,"availableCpu":"1"},"state":"ACTIVE","labels":{"deployment-tool":"cli-firebase","firebase-functions-hash":"7c558bb254ab2da92c5b7c717bcd20cac2d78de2"},"environment":"GEN_2","url":"https://us-central1-dbtest-1c893.cloudfunctions.net/insertNovStats","satisfiesPzi":true},"stages":[{"name":"BUILD","message":"Build in progress","state":"IN_PROGRESS","resource":"projects/558657031819/locations/us-central1/builds/71bf9c5f-58f7-4c61-8950-ced3304359bd","resourceUri":"https://console.cloud.google.com/cloud-build/builds;region=us-central1/71bf9c5f-58f7-4c61-8950-ced3304359bd?project=558657031819"},{"name":"SERVICE","state":"NOT_STARTED"}],"operationType":"UPDATE_FUNCTION","buildName":"projects/558657031819/locations/us-central1/builds/71bf9c5f-58f7-4c61-8950-ced3304359bd"},"done":false}
[debug] [2025-12-09T05:34:35.237Z] [update-default-us-central1-insertNovStats] Retrying task index 0
[debug] [2025-12-09T05:34:35.237Z] Checked if tokens are valid: true, expires at: 1765261771768
[debug] [2025-12-09T05:34:35.237Z] Checked if tokens are valid: true, expires at: 1765261771768
[debug] [2025-12-09T05:34:35.237Z] >>> [apiv2][query] GET https://cloudfunctions.googleapis.com/v2/projects/dbtest-1c893/locations/us-central1/operations/operation-1765258453713-6457e431200c6-735dcb51-4d783d9d [none]
[debug] [2025-12-09T05:34:35.677Z] <<< [apiv2][status] GET https://cloudfunctions.googleapis.com/v2/projects/dbtest-1c893/locations/us-central1/operations/operation-1765258453713-6457e431200c6-735dcb51-4d783d9d 200
[debug] [2025-12-09T05:34:35.677Z] <<< [apiv2][body] GET https://cloudfunctions.googleapis.com/v2/projects/dbtest-1c893/locations/us-central1/operations/operation-1765258453713-6457e431200c6-735dcb51-4d783d9d {"name":"projects/dbtest-1c893/locations/us-central1/operations/operation-1765258453713-6457e431200c6-735dcb51-4d783d9d","metadata":{"@type":"type.googleapis.com/google.cloud.functions.v2.OperationMetadata","createTime":"2025-12-09T05:34:15.949908088Z","target":"projects/dbtest-1c893/locations/us-central1/functions/insertNovStats","verb":"update","cancelRequested":false,"apiVersion":"v2","requestResource":{"@type":"type.googleapis.com/google.cloud.functions.v2.Function","name":"projects/dbtest-1c893/locations/us-central1/functions/insertNovStats","buildConfig":{"runtime":"nodejs20","entryPoint":"insertNovStats","source":{"storageSource":{"bucket":"gcf-v2-sources-558657031819-us-central1","object":"insertNovStats/function-source.zip","generation":"1765258455860554"}},"environmentVariables":{"GOOGLE_NODE_RUN_SCRIPTS":""},"dockerRepository":"projects/dbtest-1c893/locations/us-central1/repositories/gcf-artifacts","sourceProvenance":{"resolvedStorageSource":{"bucket":"gcf-v2-sources-558657031819-us-central1","object":"insertNovStats/function-source.zip","generation":"1765251186190465"}},"dockerRegistry":"ARTIFACT_REGISTRY","serviceAccount":"projects/dbtest-1c893/serviceAccounts/558657031819-compute@developer.gserviceaccount.com","automaticUpdatePolicy":{}},"serviceConfig":{"service":"projects/dbtest-1c893/locations/us-central1/services/insertnovstats","timeoutSeconds":60,"environmentVariables":{"FIREBASE_CONFIG":"{\"projectId\":\"dbtest-1c893\",\"databaseURL\":\"https://dbtest-1c893-default-rtdb.asia-southeast1.firebasedatabase.app\",\"storageBucket\":\"dbtest-1c893.firebasestorage.app\"}","GCLOUD_PROJECT":"dbtest-1c893","EVENTARC_CLOUD_EVENT_SOURCE":"projects/dbtest-1c893/locations/us-central1/services/insertNovStats","FUNCTION_TARGET":"insertNovStats","LOG_EXECUTION_ID":"true"},"ingressSettings":"ALLOW_ALL","uri":"https://insertnovstats-7xthiczvfa-uc.a.run.app","serviceAccountEmail":"558657031819-compute@developer.gserviceaccount.com","availableMemory":"256Mi","allTrafficOnLatestRevision":true,"revision":"insertnovstats-00002-viq","maxInstanceRequestConcurrency":80,"availableCpu":"1"},"state":"ACTIVE","labels":{"deployment-tool":"cli-firebase","firebase-functions-hash":"7c558bb254ab2da92c5b7c717bcd20cac2d78de2"},"environment":"GEN_2","url":"https://us-central1-dbtest-1c893.cloudfunctions.net/insertNovStats","satisfiesPzi":true},"stages":[{"name":"BUILD","message":"Build in progress","state":"IN_PROGRESS","resource":"projects/558657031819/locations/us-central1/builds/71bf9c5f-58f7-4c61-8950-ced3304359bd","resourceUri":"https://console.cloud.google.com/cloud-build/builds;region=us-central1/71bf9c5f-58f7-4c61-8950-ced3304359bd?project=558657031819"},{"name":"SERVICE","state":"NOT_STARTED"}],"operationType":"UPDATE_FUNCTION","buildName":"projects/558657031819/locations/us-central1/builds/71bf9c5f-58f7-4c61-8950-ced3304359bd"},"done":false}
[debug] [2025-12-09T05:34:45.678Z] [update-default-us-central1-insertNovStats] Retrying task index 0
[debug] [2025-12-09T05:34:45.678Z] Checked if tokens are valid: true, expires at: 1765261771768
[debug] [2025-12-09T05:34:45.678Z] Checked if tokens are valid: true, expires at: 1765261771768
[debug] [2025-12-09T05:34:45.678Z] >>> [apiv2][query] GET https://cloudfunctions.googleapis.com/v2/projects/dbtest-1c893/locations/us-central1/operations/operation-1765258453713-6457e431200c6-735dcb51-4d783d9d [none]
[debug] [2025-12-09T05:34:46.762Z] <<< [apiv2][status] GET https://cloudfunctions.googleapis.com/v2/projects/dbtest-1c893/locations/us-central1/operations/operation-1765258453713-6457e431200c6-735dcb51-4d783d9d 200
[debug] [2025-12-09T05:34:46.762Z] <<< [apiv2][body] GET https://cloudfunctions.googleapis.com/v2/projects/dbtest-1c893/locations/us-central1/operations/operation-1765258453713-6457e431200c6-735dcb51-4d783d9d {"name":"projects/dbtest-1c893/locations/us-central1/operations/operation-1765258453713-6457e431200c6-735dcb51-4d783d9d","metadata":{"@type":"type.googleapis.com/google.cloud.functions.v2.OperationMetadata","createTime":"2025-12-09T05:34:15.949908088Z","target":"projects/dbtest-1c893/locations/us-central1/functions/insertNovStats","verb":"update","cancelRequested":false,"apiVersion":"v2","requestResource":{"@type":"type.googleapis.com/google.cloud.functions.v2.Function","name":"projects/dbtest-1c893/locations/us-central1/functions/insertNovStats","buildConfig":{"runtime":"nodejs20","entryPoint":"insertNovStats","source":{"storageSource":{"bucket":"gcf-v2-sources-558657031819-us-central1","object":"insertNovStats/function-source.zip","generation":"1765258455860554"}},"environmentVariables":{"GOOGLE_NODE_RUN_SCRIPTS":""},"dockerRepository":"projects/dbtest-1c893/locations/us-central1/repositories/gcf-artifacts","sourceProvenance":{"resolvedStorageSource":{"bucket":"gcf-v2-sources-558657031819-us-central1","object":"insertNovStats/function-source.zip","generation":"1765251186190465"}},"dockerRegistry":"ARTIFACT_REGISTRY","serviceAccount":"projects/dbtest-1c893/serviceAccounts/558657031819-compute@developer.gserviceaccount.com","automaticUpdatePolicy":{}},"serviceConfig":{"service":"projects/dbtest-1c893/locations/us-central1/services/insertnovstats","timeoutSeconds":60,"environmentVariables":{"FIREBASE_CONFIG":"{\"projectId\":\"dbtest-1c893\",\"databaseURL\":\"https://dbtest-1c893-default-rtdb.asia-southeast1.firebasedatabase.app\",\"storageBucket\":\"dbtest-1c893.firebasestorage.app\"}","GCLOUD_PROJECT":"dbtest-1c893","EVENTARC_CLOUD_EVENT_SOURCE":"projects/dbtest-1c893/locations/us-central1/services/insertNovStats","FUNCTION_TARGET":"insertNovStats","LOG_EXECUTION_ID":"true"},"ingressSettings":"ALLOW_ALL","uri":"https://insertnovstats-7xthiczvfa-uc.a.run.app","serviceAccountEmail":"558657031819-compute@developer.gserviceaccount.com","availableMemory":"256Mi","allTrafficOnLatestRevision":true,"revision":"insertnovstats-00002-viq","maxInstanceRequestConcurrency":80,"availableCpu":"1"},"state":"ACTIVE","labels":{"deployment-tool":"cli-firebase","firebase-functions-hash":"7c558bb254ab2da92c5b7c717bcd20cac2d78de2"},"environment":"GEN_2","url":"https://us-central1-dbtest-1c893.cloudfunctions.net/insertNovStats","satisfiesPzi":true},"stages":[{"name":"BUILD","message":"Build in progress","state":"IN_PROGRESS","resource":"projects/558657031819/locations/us-central1/builds/71bf9c5f-58f7-4c61-8950-ced3304359bd","resourceUri":"https://console.cloud.google.com/cloud-build/builds;region=us-central1/71bf9c5f-58f7-4c61-8950-ced3304359bd?project=558657031819"},{"name":"SERVICE","state":"NOT_STARTED"}],"operationType":"UPDATE_FUNCTION","buildName":"projects/558657031819/locations/us-central1/builds/71bf9c5f-58f7-4c61-8950-ced3304359bd"},"done":false}
[debug] [2025-12-09T05:34:56.774Z] [update-default-us-central1-insertNovStats] Retrying task index 0
[debug] [2025-12-09T05:34:56.774Z] Checked if tokens are valid: true, expires at: 1765261771768
[debug] [2025-12-09T05:34:56.775Z] Checked if tokens are valid: true, expires at: 1765261771768
[debug] [2025-12-09T05:34:56.775Z] >>> [apiv2][query] GET https://cloudfunctions.googleapis.com/v2/projects/dbtest-1c893/locations/us-central1/operations/operation-1765258453713-6457e431200c6-735dcb51-4d783d9d [none]
[debug] [2025-12-09T05:34:57.214Z] <<< [apiv2][status] GET https://cloudfunctions.googleapis.com/v2/projects/dbtest-1c893/locations/us-central1/operations/operation-1765258453713-6457e431200c6-735dcb51-4d783d9d 200
[debug] [2025-12-09T05:34:57.215Z] <<< [apiv2][body] GET https://cloudfunctions.googleapis.com/v2/projects/dbtest-1c893/locations/us-central1/operations/operation-1765258453713-6457e431200c6-735dcb51-4d783d9d {"name":"projects/dbtest-1c893/locations/us-central1/operations/operation-1765258453713-6457e431200c6-735dcb51-4d783d9d","metadata":{"@type":"type.googleapis.com/google.cloud.functions.v2.OperationMetadata","createTime":"2025-12-09T05:34:15.949908088Z","target":"projects/dbtest-1c893/locations/us-central1/functions/insertNovStats","verb":"update","cancelRequested":false,"apiVersion":"v2","requestResource":{"@type":"type.googleapis.com/google.cloud.functions.v2.Function","name":"projects/dbtest-1c893/locations/us-central1/functions/insertNovStats","buildConfig":{"runtime":"nodejs20","entryPoint":"insertNovStats","source":{"storageSource":{"bucket":"gcf-v2-sources-558657031819-us-central1","object":"insertNovStats/function-source.zip","generation":"1765258455860554"}},"environmentVariables":{"GOOGLE_NODE_RUN_SCRIPTS":""},"dockerRepository":"projects/dbtest-1c893/locations/us-central1/repositories/gcf-artifacts","sourceProvenance":{"resolvedStorageSource":{"bucket":"gcf-v2-sources-558657031819-us-central1","object":"insertNovStats/function-source.zip","generation":"1765251186190465"}},"dockerRegistry":"ARTIFACT_REGISTRY","serviceAccount":"projects/dbtest-1c893/serviceAccounts/558657031819-compute@developer.gserviceaccount.com","automaticUpdatePolicy":{}},"serviceConfig":{"service":"projects/dbtest-1c893/locations/us-central1/services/insertnovstats","timeoutSeconds":60,"environmentVariables":{"FIREBASE_CONFIG":"{\"projectId\":\"dbtest-1c893\",\"databaseURL\":\"https://dbtest-1c893-default-rtdb.asia-southeast1.firebasedatabase.app\",\"storageBucket\":\"dbtest-1c893.firebasestorage.app\"}","GCLOUD_PROJECT":"dbtest-1c893","EVENTARC_CLOUD_EVENT_SOURCE":"projects/dbtest-1c893/locations/us-central1/services/insertNovStats","FUNCTION_TARGET":"insertNovStats","LOG_EXECUTION_ID":"true"},"ingressSettings":"ALLOW_ALL","uri":"https://insertnovstats-7xthiczvfa-uc.a.run.app","serviceAccountEmail":"558657031819-compute@developer.gserviceaccount.com","availableMemory":"256Mi","allTrafficOnLatestRevision":true,"revision":"insertnovstats-00002-viq","maxInstanceRequestConcurrency":80,"availableCpu":"1"},"state":"ACTIVE","labels":{"deployment-tool":"cli-firebase","firebase-functions-hash":"7c558bb254ab2da92c5b7c717bcd20cac2d78de2"},"environment":"GEN_2","url":"https://us-central1-dbtest-1c893.cloudfunctions.net/insertNovStats","satisfiesPzi":true},"stages":[{"name":"BUILD","message":"Build in progress","state":"IN_PROGRESS","resource":"projects/558657031819/locations/us-central1/builds/71bf9c5f-58f7-4c61-8950-ced3304359bd","resourceUri":"https://console.cloud.google.com/cloud-build/builds;region=us-central1/71bf9c5f-58f7-4c61-8950-ced3304359bd?project=558657031819"},{"name":"SERVICE","state":"NOT_STARTED"}],"operationType":"UPDATE_FUNCTION","buildName":"projects/558657031819/locations/us-central1/builds/71bf9c5f-58f7-4c61-8950-ced3304359bd"},"done":false}
[debug] [2025-12-09T05:35:07.221Z] [update-default-us-central1-insertNovStats] Retrying task index 0
[debug] [2025-12-09T05:35:07.221Z] Checked if tokens are valid: true, expires at: 1765261771768
[debug] [2025-12-09T05:35:07.221Z] Checked if tokens are valid: true, expires at: 1765261771768
[debug] [2025-12-09T05:35:07.221Z] >>> [apiv2][query] GET https://cloudfunctions.googleapis.com/v2/projects/dbtest-1c893/locations/us-central1/operations/operation-1765258453713-6457e431200c6-735dcb51-4d783d9d [none]
[debug] [2025-12-09T05:35:08.252Z] <<< [apiv2][status] GET https://cloudfunctions.googleapis.com/v2/projects/dbtest-1c893/locations/us-central1/operations/operation-1765258453713-6457e431200c6-735dcb51-4d783d9d 200
[debug] [2025-12-09T05:35:08.253Z] <<< [apiv2][body] GET https://cloudfunctions.googleapis.com/v2/projects/dbtest-1c893/locations/us-central1/operations/operation-1765258453713-6457e431200c6-735dcb51-4d783d9d {"name":"projects/dbtest-1c893/locations/us-central1/operations/operation-1765258453713-6457e431200c6-735dcb51-4d783d9d","metadata":{"@type":"type.googleapis.com/google.cloud.functions.v2.OperationMetadata","createTime":"2025-12-09T05:34:15.949908088Z","target":"projects/dbtest-1c893/locations/us-central1/functions/insertNovStats","verb":"update","cancelRequested":false,"apiVersion":"v2","requestResource":{"@type":"type.googleapis.com/google.cloud.functions.v2.Function","name":"projects/dbtest-1c893/locations/us-central1/functions/insertNovStats","buildConfig":{"runtime":"nodejs20","entryPoint":"insertNovStats","source":{"storageSource":{"bucket":"gcf-v2-sources-558657031819-us-central1","object":"insertNovStats/function-source.zip","generation":"1765258455860554"}},"environmentVariables":{"GOOGLE_NODE_RUN_SCRIPTS":""},"dockerRepository":"projects/dbtest-1c893/locations/us-central1/repositories/gcf-artifacts","sourceProvenance":{"resolvedStorageSource":{"bucket":"gcf-v2-sources-558657031819-us-central1","object":"insertNovStats/function-source.zip","generation":"1765251186190465"}},"dockerRegistry":"ARTIFACT_REGISTRY","serviceAccount":"projects/dbtest-1c893/serviceAccounts/558657031819-compute@developer.gserviceaccount.com","automaticUpdatePolicy":{}},"serviceConfig":{"service":"projects/dbtest-1c893/locations/us-central1/services/insertnovstats","timeoutSeconds":60,"environmentVariables":{"FIREBASE_CONFIG":"{\"projectId\":\"dbtest-1c893\",\"databaseURL\":\"https://dbtest-1c893-default-rtdb.asia-southeast1.firebasedatabase.app\",\"storageBucket\":\"dbtest-1c893.firebasestorage.app\"}","GCLOUD_PROJECT":"dbtest-1c893","EVENTARC_CLOUD_EVENT_SOURCE":"projects/dbtest-1c893/locations/us-central1/services/insertNovStats","FUNCTION_TARGET":"insertNovStats","LOG_EXECUTION_ID":"true"},"ingressSettings":"ALLOW_ALL","uri":"https://insertnovstats-7xthiczvfa-uc.a.run.app","serviceAccountEmail":"558657031819-compute@developer.gserviceaccount.com","availableMemory":"256Mi","allTrafficOnLatestRevision":true,"revision":"insertnovstats-00002-viq","maxInstanceRequestConcurrency":80,"availableCpu":"1"},"state":"ACTIVE","labels":{"deployment-tool":"cli-firebase","firebase-functions-hash":"7c558bb254ab2da92c5b7c717bcd20cac2d78de2"},"environment":"GEN_2","url":"https://us-central1-dbtest-1c893.cloudfunctions.net/insertNovStats","satisfiesPzi":true},"stages":[{"name":"BUILD","message":"Build finished","state":"COMPLETE","resource":"projects/558657031819/locations/us-central1/builds/71bf9c5f-58f7-4c61-8950-ced3304359bd","resourceUri":"https://console.cloud.google.com/cloud-build/builds;region=us-central1/71bf9c5f-58f7-4c61-8950-ced3304359bd?project=558657031819"},{"name":"SERVICE","message":"Updating Cloud Run service","state":"IN_PROGRESS","resource":"projects/dbtest-1c893/locations/us-central1/services/insertnovstats","resourceUri":"https://console.cloud.google.com/run/detail/us-central1/insertnovstats?project=dbtest-1c893","stateMessages":[{"severity":"INFO","type":"CloudRunServiceNewRevisionTrafficInfo","message":"A new revision will be deployed serving with 100% traffic."}]}],"sourceToken":"Cldwcm9qZWN0cy81NTg2NTcwMzE4MTkvbG9jYXRpb25zL3VzLWNlbnRyYWwxL2J1aWxkcy83MWJmOWM1Zi01OGY3LTRjNjEtODk1MC1jZWQzMzA0MzU5YmQSbXVzLWNlbnRyYWwxLWRvY2tlci5wa2cuZGV2L2RidGVzdC0xYzg5My9nY2YtYXJ0aWZhY3RzL2RidGVzdC0tMWM4OTNfX3VzLS1jZW50cmFsMV9faW5zZXJ0X25vdl9zdGF0czp2ZXJzaW9uXzEYi523lKEQIkRwcm9qZWN0cy9kYnRlc3QtMWM4OTMvbG9jYXRpb25zL3VzLWNlbnRyYWwxL2Z1bmN0aW9ucy9pbnNlcnROb3ZTdGF0cyoMCInq3skGELjroowDMghub2RlanMyMDp2CiNnY3IuaW8vZ2FlLXJ1bnRpbWVzL25vZGVqczIwOnN0YWJsZRJPdXMtY2VudHJhbDEtZG9ja2VyLnBrZy5kZXYvc2VydmVybGVzcy1ydW50aW1lcy9nb29nbGUtMjItZnVsbC9ydW50aW1lcy9ub2RlanMyMEAB","operationType":"UPDATE_FUNCTION","buildName":"projects/558657031819/locations/us-central1/builds/71bf9c5f-58f7-4c61-8950-ced3304359bd"},"done":false}
[debug] [2025-12-09T05:35:08.253Z] Got source token Cldwcm9qZWN0cy81NTg2NTcwMzE4MTkvbG9jYXRpb25zL3VzLWNlbnRyYWwxL2J1aWxkcy83MWJmOWM1Zi01OGY3LTRjNjEtODk1MC1jZWQzMzA0MzU5YmQSbXVzLWNlbnRyYWwxLWRvY2tlci5wa2cuZGV2L2RidGVzdC0xYzg5My9nY2YtYXJ0aWZhY3RzL2RidGVzdC0tMWM4OTNfX3VzLS1jZW50cmFsMV9faW5zZXJ0X25vdl9zdGF0czp2ZXJzaW9uXzEYi523lKEQIkRwcm9qZWN0cy9kYnRlc3QtMWM4OTMvbG9jYXRpb25zL3VzLWNlbnRyYWwxL2Z1bmN0aW9ucy9pbnNlcnROb3ZTdGF0cyoMCInq3skGELjroowDMghub2RlanMyMDp2CiNnY3IuaW8vZ2FlLXJ1bnRpbWVzL25vZGVqczIwOnN0YWJsZRJPdXMtY2VudHJhbDEtZG9ja2VyLnBrZy5kZXYvc2VydmVybGVzcy1ydW50aW1lcy9nb29nbGUtMjItZnVsbC9ydW50aW1lcy9ub2RlanMyMEAB for region us-central1
[debug] [2025-12-09T05:35:18.265Z] [update-default-us-central1-insertNovStats] Retrying task index 0
[debug] [2025-12-09T05:35:18.265Z] Checked if tokens are valid: true, expires at: 1765261771768
[debug] [2025-12-09T05:35:18.265Z] Checked if tokens are valid: true, expires at: 1765261771768
[debug] [2025-12-09T05:35:18.265Z] >>> [apiv2][query] GET https://cloudfunctions.googleapis.com/v2/projects/dbtest-1c893/locations/us-central1/operations/operation-1765258453713-6457e431200c6-735dcb51-4d783d9d [none]
[debug] [2025-12-09T05:35:19.317Z] <<< [apiv2][status] GET https://cloudfunctions.googleapis.com/v2/projects/dbtest-1c893/locations/us-central1/operations/operation-1765258453713-6457e431200c6-735dcb51-4d783d9d 200
[debug] [2025-12-09T05:35:19.317Z] <<< [apiv2][body] GET https://cloudfunctions.googleapis.com/v2/projects/dbtest-1c893/locations/us-central1/operations/operation-1765258453713-6457e431200c6-735dcb51-4d783d9d {"name":"projects/dbtest-1c893/locations/us-central1/operations/operation-1765258453713-6457e431200c6-735dcb51-4d783d9d","metadata":{"@type":"type.googleapis.com/google.cloud.functions.v2.OperationMetadata","createTime":"2025-12-09T05:34:15.949908088Z","target":"projects/dbtest-1c893/locations/us-central1/functions/insertNovStats","verb":"update","cancelRequested":false,"apiVersion":"v2","requestResource":{"@type":"type.googleapis.com/google.cloud.functions.v2.Function","name":"projects/dbtest-1c893/locations/us-central1/functions/insertNovStats","buildConfig":{"runtime":"nodejs20","entryPoint":"insertNovStats","source":{"storageSource":{"bucket":"gcf-v2-sources-558657031819-us-central1","object":"insertNovStats/function-source.zip","generation":"1765258455860554"}},"environmentVariables":{"GOOGLE_NODE_RUN_SCRIPTS":""},"dockerRepository":"projects/dbtest-1c893/locations/us-central1/repositories/gcf-artifacts","sourceProvenance":{"resolvedStorageSource":{"bucket":"gcf-v2-sources-558657031819-us-central1","object":"insertNovStats/function-source.zip","generation":"1765251186190465"}},"dockerRegistry":"ARTIFACT_REGISTRY","serviceAccount":"projects/dbtest-1c893/serviceAccounts/558657031819-compute@developer.gserviceaccount.com","automaticUpdatePolicy":{}},"serviceConfig":{"service":"projects/dbtest-1c893/locations/us-central1/services/insertnovstats","timeoutSeconds":60,"environmentVariables":{"FIREBASE_CONFIG":"{\"projectId\":\"dbtest-1c893\",\"databaseURL\":\"https://dbtest-1c893-default-rtdb.asia-southeast1.firebasedatabase.app\",\"storageBucket\":\"dbtest-1c893.firebasestorage.app\"}","GCLOUD_PROJECT":"dbtest-1c893","EVENTARC_CLOUD_EVENT_SOURCE":"projects/dbtest-1c893/locations/us-central1/services/insertNovStats","FUNCTION_TARGET":"insertNovStats","LOG_EXECUTION_ID":"true"},"ingressSettings":"ALLOW_ALL","uri":"https://insertnovstats-7xthiczvfa-uc.a.run.app","serviceAccountEmail":"558657031819-compute@developer.gserviceaccount.com","availableMemory":"256Mi","allTrafficOnLatestRevision":true,"revision":"insertnovstats-00002-viq","maxInstanceRequestConcurrency":80,"availableCpu":"1"},"state":"ACTIVE","labels":{"deployment-tool":"cli-firebase","firebase-functions-hash":"7c558bb254ab2da92c5b7c717bcd20cac2d78de2"},"environment":"GEN_2","url":"https://us-central1-dbtest-1c893.cloudfunctions.net/insertNovStats","satisfiesPzi":true},"stages":[{"name":"BUILD","message":"Build finished","state":"COMPLETE","resource":"projects/558657031819/locations/us-central1/builds/71bf9c5f-58f7-4c61-8950-ced3304359bd","resourceUri":"https://console.cloud.google.com/cloud-build/builds;region=us-central1/71bf9c5f-58f7-4c61-8950-ced3304359bd?project=558657031819"},{"name":"SERVICE","message":"Updating Cloud Run service","state":"IN_PROGRESS","resource":"projects/dbtest-1c893/locations/us-central1/services/insertnovstats","resourceUri":"https://console.cloud.google.com/run/detail/us-central1/insertnovstats?project=dbtest-1c893","stateMessages":[{"severity":"INFO","type":"CloudRunServiceNewRevisionTrafficInfo","message":"A new revision will be deployed serving with 100% traffic."}]}],"sourceToken":"Cldwcm9qZWN0cy81NTg2NTcwMzE4MTkvbG9jYXRpb25zL3VzLWNlbnRyYWwxL2J1aWxkcy83MWJmOWM1Zi01OGY3LTRjNjEtODk1MC1jZWQzMzA0MzU5YmQSbXVzLWNlbnRyYWwxLWRvY2tlci5wa2cuZGV2L2RidGVzdC0xYzg5My9nY2YtYXJ0aWZhY3RzL2RidGVzdC0tMWM4OTNfX3VzLS1jZW50cmFsMV9faW5zZXJ0X25vdl9zdGF0czp2ZXJzaW9uXzEYi523lKEQIkRwcm9qZWN0cy9kYnRlc3QtMWM4OTMvbG9jYXRpb25zL3VzLWNlbnRyYWwxL2Z1bmN0aW9ucy9pbnNlcnROb3ZTdGF0cyoMCInq3skGELjroowDMghub2RlanMyMDp2CiNnY3IuaW8vZ2FlLXJ1bnRpbWVzL25vZGVqczIwOnN0YWJsZRJPdXMtY2VudHJhbDEtZG9ja2VyLnBrZy5kZXYvc2VydmVybGVzcy1ydW50aW1lcy9nb29nbGUtMjItZnVsbC9ydW50aW1lcy9ub2RlanMyMEAB","operationType":"UPDATE_FUNCTION","buildName":"projects/558657031819/locations/us-central1/builds/71bf9c5f-58f7-4c61-8950-ced3304359bd"},"done":false}
[debug] [2025-12-09T05:35:19.318Z] Got source token Cldwcm9qZWN0cy81NTg2NTcwMzE4MTkvbG9jYXRpb25zL3VzLWNlbnRyYWwxL2J1aWxkcy83MWJmOWM1Zi01OGY3LTRjNjEtODk1MC1jZWQzMzA0MzU5YmQSbXVzLWNlbnRyYWwxLWRvY2tlci5wa2cuZGV2L2RidGVzdC0xYzg5My9nY2YtYXJ0aWZhY3RzL2RidGVzdC0tMWM4OTNfX3VzLS1jZW50cmFsMV9faW5zZXJ0X25vdl9zdGF0czp2ZXJzaW9uXzEYi523lKEQIkRwcm9qZWN0cy9kYnRlc3QtMWM4OTMvbG9jYXRpb25zL3VzLWNlbnRyYWwxL2Z1bmN0aW9ucy9pbnNlcnROb3ZTdGF0cyoMCInq3skGELjroowDMghub2RlanMyMDp2CiNnY3IuaW8vZ2FlLXJ1bnRpbWVzL25vZGVqczIwOnN0YWJsZRJPdXMtY2VudHJhbDEtZG9ja2VyLnBrZy5kZXYvc2VydmVybGVzcy1ydW50aW1lcy9nb29nbGUtMjItZnVsbC9ydW50aW1lcy9ub2RlanMyMEAB for region us-central1
